{"/Users/joshtuddenham/Projects/atomize-pro/client/src/ApiService.tsx": {"path":"/Users/joshtuddenham/Projects/atomize-pro/client/src/ApiService.tsx","statementMap":{"0":{"start":{"line":4,"column":17},"end":{"line":4,"column":null}},"1":{"start":{"line":8,"column":26},"end":{"line":37,"column":null}},"2":{"start":{"line":9,"column":19},"end":{"line":9,"column":null}},"3":{"start":{"line":11,"column":2},"end":{"line":36,"column":null}},"4":{"start":{"line":12,"column":4},"end":{"line":12,"column":null}},"5":{"start":{"line":13,"column":21},"end":{"line":19,"column":null}},"6":{"start":{"line":21,"column":4},"end":{"line":23,"column":null}},"7":{"start":{"line":22,"column":6},"end":{"line":22,"column":null}},"8":{"start":{"line":25,"column":17},"end":{"line":25,"column":null}},"9":{"start":{"line":26,"column":4},"end":{"line":26,"column":null}},"10":{"start":{"line":27,"column":4},"end":{"line":27,"column":null}},"11":{"start":{"line":29,"column":4},"end":{"line":35,"column":null}},"12":{"start":{"line":30,"column":6},"end":{"line":30,"column":null}},"13":{"start":{"line":31,"column":6},"end":{"line":31,"column":null}},"14":{"start":{"line":33,"column":6},"end":{"line":33,"column":null}},"15":{"start":{"line":34,"column":6},"end":{"line":34,"column":null}},"16":{"start":{"line":39,"column":25},"end":{"line":58,"column":null}},"17":{"start":{"line":40,"column":22},"end":{"line":44,"column":null}},"18":{"start":{"line":45,"column":2},"end":{"line":57,"column":null}},"19":{"start":{"line":46,"column":21},"end":{"line":46,"column":null}},"20":{"start":{"line":47,"column":4},"end":{"line":54,"column":null}},"21":{"start":{"line":48,"column":6},"end":{"line":48,"column":null}},"22":{"start":{"line":49,"column":6},"end":{"line":49,"column":null}},"23":{"start":{"line":51,"column":30},"end":{"line":51,"column":null}},"24":{"start":{"line":52,"column":6},"end":{"line":52,"column":null}},"25":{"start":{"line":53,"column":6},"end":{"line":53,"column":null}},"26":{"start":{"line":56,"column":4},"end":{"line":56,"column":null}},"27":{"start":{"line":92,"column":28},"end":{"line":109,"column":null}},"28":{"start":{"line":93,"column":2},"end":{"line":108,"column":null}},"29":{"start":{"line":94,"column":21},"end":{"line":97,"column":null}},"30":{"start":{"line":98,"column":4},"end":{"line":101,"column":null}},"31":{"start":{"line":99,"column":6},"end":{"line":99,"column":null}},"32":{"start":{"line":100,"column":6},"end":{"line":100,"column":null}},"33":{"start":{"line":102,"column":17},"end":{"line":102,"column":null}},"34":{"start":{"line":103,"column":4},"end":{"line":103,"column":null}},"35":{"start":{"line":104,"column":4},"end":{"line":104,"column":null}},"36":{"start":{"line":106,"column":4},"end":{"line":106,"column":null}},"37":{"start":{"line":107,"column":4},"end":{"line":107,"column":null}},"38":{"start":{"line":111,"column":29},"end":{"line":120,"column":null}},"39":{"start":{"line":112,"column":2},"end":{"line":119,"column":null}},"40":{"start":{"line":113,"column":21},"end":{"line":113,"column":null}},"41":{"start":{"line":114,"column":4},"end":{"line":114,"column":null}},"42":{"start":{"line":115,"column":4},"end":{"line":115,"column":null}},"43":{"start":{"line":117,"column":4},"end":{"line":117,"column":null}},"44":{"start":{"line":118,"column":4},"end":{"line":118,"column":null}},"45":{"start":{"line":124,"column":34},"end":{"line":147,"column":null}},"46":{"start":{"line":125,"column":19},"end":{"line":125,"column":null}},"47":{"start":{"line":127,"column":21},"end":{"line":131,"column":null}},"48":{"start":{"line":132,"column":2},"end":{"line":146,"column":null}},"49":{"start":{"line":133,"column":21},"end":{"line":136,"column":null}},"50":{"start":{"line":137,"column":4},"end":{"line":143,"column":null}},"51":{"start":{"line":138,"column":6},"end":{"line":138,"column":null}},"52":{"start":{"line":139,"column":6},"end":{"line":139,"column":null}},"53":{"start":{"line":141,"column":6},"end":{"line":141,"column":null}},"54":{"start":{"line":142,"column":6},"end":{"line":142,"column":null}},"55":{"start":{"line":145,"column":4},"end":{"line":145,"column":null}},"56":{"start":{"line":151,"column":25},"end":{"line":166,"column":null}},"57":{"start":{"line":152,"column":2},"end":{"line":165,"column":null}},"58":{"start":{"line":153,"column":21},"end":{"line":156,"column":null}},"59":{"start":{"line":157,"column":4},"end":{"line":160,"column":null}},"60":{"start":{"line":158,"column":6},"end":{"line":158,"column":null}},"61":{"start":{"line":159,"column":6},"end":{"line":159,"column":null}},"62":{"start":{"line":161,"column":17},"end":{"line":161,"column":null}},"63":{"start":{"line":162,"column":4},"end":{"line":162,"column":null}},"64":{"start":{"line":164,"column":4},"end":{"line":164,"column":null}},"65":{"start":{"line":168,"column":26},"end":{"line":186,"column":null}},"66":{"start":{"line":169,"column":19},"end":{"line":169,"column":null}},"67":{"start":{"line":171,"column":2},"end":{"line":185,"column":null}},"68":{"start":{"line":172,"column":21},"end":{"line":176,"column":null}},"69":{"start":{"line":177,"column":4},"end":{"line":180,"column":null}},"70":{"start":{"line":178,"column":6},"end":{"line":178,"column":null}},"71":{"start":{"line":179,"column":6},"end":{"line":179,"column":null}},"72":{"start":{"line":181,"column":17},"end":{"line":181,"column":null}},"73":{"start":{"line":182,"column":4},"end":{"line":182,"column":null}},"74":{"start":{"line":184,"column":4},"end":{"line":184,"column":null}},"75":{"start":{"line":206,"column":2},"end":{"line":208,"column":null}},"76":{"start":{"line":207,"column":4},"end":{"line":207,"column":null}},"77":{"start":{"line":209,"column":17},"end":{"line":209,"column":null}},"78":{"start":{"line":210,"column":2},"end":{"line":210,"column":null}},"79":{"start":{"line":212,"column":2},"end":{"line":227,"column":null}},"80":{"start":{"line":214,"column":6},"end":{"line":214,"column":null}},"81":{"start":{"line":215,"column":6},"end":{"line":215,"column":null}},"82":{"start":{"line":217,"column":6},"end":{"line":217,"column":null}},"83":{"start":{"line":218,"column":6},"end":{"line":218,"column":null}},"84":{"start":{"line":220,"column":6},"end":{"line":220,"column":null}},"85":{"start":{"line":221,"column":6},"end":{"line":221,"column":null}},"86":{"start":{"line":223,"column":6},"end":{"line":223,"column":null}},"87":{"start":{"line":224,"column":6},"end":{"line":224,"column":null}},"88":{"start":{"line":226,"column":6},"end":{"line":226,"column":null}},"89":{"start":{"line":229,"column":2},"end":{"line":229,"column":null}}},"fnMap":{"0":{"name":"(anonymous_0)","decl":{"start":{"line":8,"column":26},"end":{"line":8,"column":33}},"loc":{"start":{"line":8,"column":52},"end":{"line":37,"column":null}}},"1":{"name":"(anonymous_1)","decl":{"start":{"line":39,"column":25},"end":{"line":39,"column":32}},"loc":{"start":{"line":39,"column":45},"end":{"line":58,"column":null}}},"2":{"name":"(anonymous_2)","decl":{"start":{"line":92,"column":28},"end":{"line":92,"column":40}},"loc":{"start":{"line":92,"column":40},"end":{"line":109,"column":null}}},"3":{"name":"(anonymous_3)","decl":{"start":{"line":111,"column":29},"end":{"line":111,"column":41}},"loc":{"start":{"line":111,"column":41},"end":{"line":120,"column":null}}},"4":{"name":"(anonymous_4)","decl":{"start":{"line":124,"column":34},"end":{"line":124,"column":41}},"loc":{"start":{"line":124,"column":56},"end":{"line":147,"column":null}}},"5":{"name":"(anonymous_5)","decl":{"start":{"line":151,"column":25},"end":{"line":151,"column":32}},"loc":{"start":{"line":151,"column":47},"end":{"line":166,"column":null}}},"6":{"name":"(anonymous_6)","decl":{"start":{"line":168,"column":26},"end":{"line":168,"column":33}},"loc":{"start":{"line":168,"column":48},"end":{"line":186,"column":null}}},"7":{"name":"selectEndpoint","decl":{"start":{"line":205,"column":9},"end":{"line":205,"column":24}},"loc":{"start":{"line":205,"column":36},"end":{"line":230,"column":null}}}},"branchMap":{"0":{"loc":{"start":{"line":21,"column":4},"end":{"line":23,"column":null}},"type":"if","locations":[{"start":{"line":21,"column":4},"end":{"line":23,"column":null}},{"start":{},"end":{}}]},"1":{"loc":{"start":{"line":29,"column":4},"end":{"line":35,"column":null}},"type":"if","locations":[{"start":{"line":29,"column":4},"end":{"line":35,"column":null}},{"start":{"line":32,"column":11},"end":{"line":35,"column":null}}]},"2":{"loc":{"start":{"line":47,"column":4},"end":{"line":54,"column":null}},"type":"if","locations":[{"start":{"line":47,"column":4},"end":{"line":54,"column":null}},{"start":{"line":50,"column":11},"end":{"line":54,"column":null}}]},"3":{"loc":{"start":{"line":98,"column":4},"end":{"line":101,"column":null}},"type":"if","locations":[{"start":{"line":98,"column":4},"end":{"line":101,"column":null}},{"start":{},"end":{}}]},"4":{"loc":{"start":{"line":137,"column":4},"end":{"line":143,"column":null}},"type":"if","locations":[{"start":{"line":137,"column":4},"end":{"line":143,"column":null}},{"start":{"line":140,"column":11},"end":{"line":143,"column":null}}]},"5":{"loc":{"start":{"line":157,"column":4},"end":{"line":160,"column":null}},"type":"if","locations":[{"start":{"line":157,"column":4},"end":{"line":160,"column":null}},{"start":{},"end":{}}]},"6":{"loc":{"start":{"line":177,"column":4},"end":{"line":180,"column":null}},"type":"if","locations":[{"start":{"line":177,"column":4},"end":{"line":180,"column":null}},{"start":{},"end":{}}]},"7":{"loc":{"start":{"line":206,"column":2},"end":{"line":208,"column":null}},"type":"if","locations":[{"start":{"line":206,"column":2},"end":{"line":208,"column":null}},{"start":{},"end":{}}]},"8":{"loc":{"start":{"line":206,"column":6},"end":{"line":206,"column":27}},"type":"binary-expr","locations":[{"start":{"line":206,"column":6},"end":{"line":206,"column":15}},{"start":{"line":206,"column":15},"end":{"line":206,"column":27}}]},"9":{"loc":{"start":{"line":212,"column":2},"end":{"line":227,"column":null}},"type":"switch","locations":[{"start":{"line":213,"column":4},"end":{"line":215,"column":null}},{"start":{"line":216,"column":4},"end":{"line":218,"column":null}},{"start":{"line":219,"column":4},"end":{"line":221,"column":null}},{"start":{"line":222,"column":4},"end":{"line":224,"column":null}},{"start":{"line":225,"column":4},"end":{"line":226,"column":null}}]}},"s":{"0":2,"1":2,"2":0,"3":0,"4":0,"5":0,"6":0,"7":0,"8":0,"9":0,"10":0,"11":0,"12":0,"13":0,"14":0,"15":0,"16":2,"17":0,"18":0,"19":0,"20":0,"21":0,"22":0,"23":0,"24":0,"25":0,"26":0,"27":2,"28":0,"29":0,"30":0,"31":0,"32":0,"33":0,"34":0,"35":0,"36":0,"37":0,"38":2,"39":0,"40":0,"41":0,"42":0,"43":0,"44":0,"45":2,"46":0,"47":0,"48":0,"49":0,"50":0,"51":0,"52":0,"53":0,"54":0,"55":0,"56":2,"57":0,"58":0,"59":0,"60":0,"61":0,"62":0,"63":0,"64":0,"65":2,"66":0,"67":0,"68":0,"69":0,"70":0,"71":0,"72":0,"73":0,"74":0,"75":0,"76":0,"77":0,"78":0,"79":0,"80":0,"81":0,"82":0,"83":0,"84":0,"85":0,"86":0,"87":0,"88":0,"89":0},"f":{"0":0,"1":0,"2":0,"3":0,"4":0,"5":0,"6":0,"7":0},"b":{"0":[0,0],"1":[0,0],"2":[0,0],"3":[0,0],"4":[0,0],"5":[0,0],"6":[0,0],"7":[0,0],"8":[0,0],"9":[0,0,0,0,0]}}
,"/Users/joshtuddenham/Projects/atomize-pro/client/src/App.tsx": {"path":"/Users/joshtuddenham/Projects/atomize-pro/client/src/App.tsx","statementMap":{"0":{"start":{"line":17,"column":28},"end":{"line":17,"column":null}},"1":{"start":{"line":18,"column":37},"end":{"line":18,"column":null}},"2":{"start":{"line":21,"column":19},"end":{"line":62,"column":null}},"3":{"start":{"line":22,"column":4},"end":{"line":61,"column":null}},"4":{"start":{"line":23,"column":6},"end":{"line":23,"column":null}},"5":{"start":{"line":26,"column":39},"end":{"line":29,"column":null}},"6":{"start":{"line":31,"column":6},"end":{"line":31,"column":null}},"7":{"start":{"line":32,"column":6},"end":{"line":32,"column":null}},"8":{"start":{"line":35,"column":6},"end":{"line":35,"column":null}},"9":{"start":{"line":36,"column":6},"end":{"line":36,"column":null}},"10":{"start":{"line":39,"column":6},"end":{"line":56,"column":null}},"11":{"start":{"line":46,"column":25},"end":{"line":51,"column":null}},"12":{"start":{"line":52,"column":8},"end":{"line":52,"column":null}},"13":{"start":{"line":53,"column":8},"end":{"line":53,"column":null}},"14":{"start":{"line":55,"column":8},"end":{"line":55,"column":null}},"15":{"start":{"line":58,"column":6},"end":{"line":58,"column":null}},"16":{"start":{"line":60,"column":6},"end":{"line":60,"column":null}},"17":{"start":{"line":65,"column":2},"end":{"line":67,"column":null}},"18":{"start":{"line":66,"column":4},"end":{"line":66,"column":null}},"19":{"start":{"line":70,"column":2},"end":{"line":74,"column":null}},"20":{"start":{"line":71,"column":4},"end":{"line":73,"column":null}},"21":{"start":{"line":72,"column":6},"end":{"line":72,"column":null}},"22":{"start":{"line":76,"column":2},"end":{"line":101,"column":null}},"23":{"start":{"line":93,"column":14},"end":{"line":97,"column":null}},"24":{"start":{"line":94,"column":16},"end":{"line":95,"column":null}}},"fnMap":{"0":{"name":"App","decl":{"start":{"line":16,"column":9},"end":{"line":16,"column":15}},"loc":{"start":{"line":16,"column":15},"end":{"line":103,"column":null}}},"1":{"name":"(anonymous_1)","decl":{"start":{"line":21,"column":19},"end":{"line":21,"column":31}},"loc":{"start":{"line":21,"column":31},"end":{"line":62,"column":null}}},"2":{"name":"(anonymous_2)","decl":{"start":{"line":65,"column":12},"end":{"line":65,"column":18}},"loc":{"start":{"line":65,"column":18},"end":{"line":67,"column":5}}},"3":{"name":"(anonymous_3)","decl":{"start":{"line":70,"column":12},"end":{"line":70,"column":18}},"loc":{"start":{"line":70,"column":18},"end":{"line":74,"column":5}}},"4":{"name":"(anonymous_4)","decl":{"start":{"line":92,"column":21},"end":{"line":92,"column":22}},"loc":{"start":{"line":92,"column":30},"end":{"line":98,"column":13}}}},"branchMap":{"0":{"loc":{"start":{"line":39,"column":6},"end":{"line":56,"column":null}},"type":"if","locations":[{"start":{"line":39,"column":6},"end":{"line":56,"column":null}},{"start":{"line":54,"column":13},"end":{"line":56,"column":null}}]},"1":{"loc":{"start":{"line":40,"column":8},"end":{"line":44,"column":null}},"type":"binary-expr","locations":[{"start":{"line":40,"column":8},"end":{"line":40,"column":null}},{"start":{"line":41,"column":8},"end":{"line":41,"column":null}},{"start":{"line":42,"column":8},"end":{"line":42,"column":null}},{"start":{"line":43,"column":8},"end":{"line":43,"column":null}},{"start":{"line":44,"column":8},"end":{"line":44,"column":null}}]},"2":{"loc":{"start":{"line":71,"column":4},"end":{"line":73,"column":null}},"type":"if","locations":[{"start":{"line":71,"column":4},"end":{"line":73,"column":null}},{"start":{},"end":{}}]},"3":{"loc":{"start":{"line":90,"column":11},"end":{"line":98,"column":null}},"type":"binary-expr","locations":[{"start":{"line":90,"column":11},"end":{"line":90,"column":null}},{"start":{"line":91,"column":12},"end":{"line":91,"column":null}},{"start":{"line":92,"column":12},"end":{"line":98,"column":null}}]},"4":{"loc":{"start":{"line":93,"column":14},"end":{"line":97,"column":null}},"type":"if","locations":[{"start":{"line":93,"column":14},"end":{"line":97,"column":null}},{"start":{},"end":{}}]}},"s":{"0":0,"1":0,"2":0,"3":0,"4":0,"5":0,"6":0,"7":0,"8":0,"9":0,"10":0,"11":0,"12":0,"13":0,"14":0,"15":0,"16":0,"17":0,"18":0,"19":0,"20":0,"21":0,"22":0,"23":0,"24":0},"f":{"0":0,"1":0,"2":0,"3":0,"4":0},"b":{"0":[0,0],"1":[0,0,0,0,0],"2":[0,0],"3":[0,0,0],"4":[0,0]}}
,"/Users/joshtuddenham/Projects/atomize-pro/client/src/AppContext.tsx": {"path":"/Users/joshtuddenham/Projects/atomize-pro/client/src/AppContext.tsx","statementMap":{"0":{"start":{"line":5,"column":26},"end":{"line":5,"column":null}},"1":{"start":{"line":8,"column":29},"end":{"line":14,"column":null}},"2":{"start":{"line":9,"column":18},"end":{"line":9,"column":null}},"3":{"start":{"line":10,"column":2},"end":{"line":12,"column":null}},"4":{"start":{"line":11,"column":4},"end":{"line":11,"column":null}},"5":{"start":{"line":13,"column":2},"end":{"line":13,"column":null}}},"fnMap":{"0":{"name":"(anonymous_0)","decl":{"start":{"line":8,"column":29},"end":{"line":8,"column":35}},"loc":{"start":{"line":8,"column":35},"end":{"line":14,"column":null}}}},"branchMap":{"0":{"loc":{"start":{"line":10,"column":2},"end":{"line":12,"column":null}},"type":"if","locations":[{"start":{"line":10,"column":2},"end":{"line":12,"column":null}},{"start":{},"end":{}}]}},"s":{"0":9,"1":9,"2":37,"3":37,"4":0,"5":37},"f":{"0":37},"b":{"0":[0,37]}}
,"/Users/joshtuddenham/Projects/atomize-pro/client/src/main.tsx": {"path":"/Users/joshtuddenham/Projects/atomize-pro/client/src/main.tsx","statementMap":{"0":{"start":{"line":7,"column":0},"end":{"line":13,"column":null}}},"fnMap":{},"branchMap":{},"s":{"0":0},"f":{},"b":{}}
,"/Users/joshtuddenham/Projects/atomize-pro/client/src/__mocks__/mockAppContext.tsx": {"path":"/Users/joshtuddenham/Projects/atomize-pro/client/src/__mocks__/mockAppContext.tsx","statementMap":{"0":{"start":{"line":9,"column":25},"end":{"line":15,"column":null}},"1":{"start":{"line":18,"column":21},"end":{"line":18,"column":null}},"2":{"start":{"line":21,"column":51},"end":{"line":24,"column":null}},"3":{"start":{"line":29,"column":5},"end":{"line":34,"column":null}},"4":{"start":{"line":30,"column":23},"end":{"line":30,"column":null}},"5":{"start":{"line":31,"column":2},"end":{"line":32,"column":null}},"6":{"start":{"line":37,"column":38},"end":{"line":37,"column":null}},"7":{"start":{"line":37,"column":44},"end":{"line":37,"column":null}}},"fnMap":{"0":{"name":"(anonymous_0)","decl":{"start":{"line":29,"column":5},"end":{"line":29,"column":6}},"loc":{"start":{"line":29,"column":30},"end":{"line":34,"column":null}}},"1":{"name":"(anonymous_1)","decl":{"start":{"line":37,"column":38},"end":{"line":37,"column":44}},"loc":{"start":{"line":37,"column":44},"end":{"line":37,"column":null}}}},"branchMap":{"0":{"loc":{"start":{"line":30,"column":23},"end":{"line":30,"column":null}},"type":"binary-expr","locations":[{"start":{"line":30,"column":23},"end":{"line":30,"column":32}},{"start":{"line":30,"column":32},"end":{"line":30,"column":null}}]}},"s":{"0":9,"1":9,"2":9,"3":9,"4":33,"5":33,"6":9,"7":0},"f":{"0":33,"1":0},"b":{"0":[33,13]}}
,"/Users/joshtuddenham/Projects/atomize-pro/client/src/__mocks__/mockGoalData.ts": {"path":"/Users/joshtuddenham/Projects/atomize-pro/client/src/__mocks__/mockGoalData.ts","statementMap":{"0":{"start":{"line":3,"column":36},"end":{"line":37,"column":null}},"1":{"start":{"line":39,"column":30},"end":{"line":50,"column":null}},"2":{"start":{"line":39,"column":72},"end":{"line":50,"column":null}},"3":{"start":{"line":52,"column":31},"end":{"line":56,"column":null}},"4":{"start":{"line":53,"column":2},"end":{"line":55,"column":null}},"5":{"start":{"line":54,"column":4},"end":{"line":54,"column":null}}},"fnMap":{"0":{"name":"(anonymous_0)","decl":{"start":{"line":39,"column":30},"end":{"line":39,"column":31}},"loc":{"start":{"line":39,"column":72},"end":{"line":50,"column":null}}},"1":{"name":"(anonymous_1)","decl":{"start":{"line":52,"column":31},"end":{"line":52,"column":32}},"loc":{"start":{"line":52,"column":58},"end":{"line":56,"column":null}}},"2":{"name":"(anonymous_2)","decl":{"start":{"line":53,"column":39},"end":{"line":53,"column":40}},"loc":{"start":{"line":54,"column":4},"end":{"line":54,"column":null}}}},"branchMap":{"0":{"loc":{"start":{"line":39,"column":31},"end":{"line":39,"column":72}},"type":"default-arg","locations":[{"start":{"line":39,"column":58},"end":{"line":39,"column":72}}]}},"s":{"0":5,"1":5,"2":20,"3":5,"4":4,"5":20},"f":{"0":20,"1":4,"2":20},"b":{"0":[0]}}
,"/Users/joshtuddenham/Projects/atomize-pro/client/src/__mocks__/mockLevelsBlock.ts": {"path":"/Users/joshtuddenham/Projects/atomize-pro/client/src/__mocks__/mockLevelsBlock.ts","statementMap":{"0":{"start":{"line":7,"column":43},"end":{"line":32,"column":null}},"1":{"start":{"line":35,"column":37},"end":{"line":51,"column":null}},"2":{"start":{"line":36,"column":21},"end":{"line":36,"column":null}},"3":{"start":{"line":38,"column":2},"end":{"line":50,"column":null}},"4":{"start":{"line":54,"column":38},"end":{"line":63,"column":null}},"5":{"start":{"line":55,"column":2},"end":{"line":62,"column":null}},"6":{"start":{"line":56,"column":15},"end":{"line":56,"column":null}},"7":{"start":{"line":57,"column":4},"end":{"line":61,"column":null}},"8":{"start":{"line":66,"column":40},"end":{"line":66,"column":null}}},"fnMap":{"0":{"name":"(anonymous_0)","decl":{"start":{"line":35,"column":37},"end":{"line":35,"column":38}},"loc":{"start":{"line":35,"column":78},"end":{"line":51,"column":null}}},"1":{"name":"(anonymous_1)","decl":{"start":{"line":54,"column":38},"end":{"line":54,"column":39}},"loc":{"start":{"line":54,"column":65},"end":{"line":63,"column":null}}},"2":{"name":"(anonymous_2)","decl":{"start":{"line":55,"column":39},"end":{"line":55,"column":40}},"loc":{"start":{"line":55,"column":53},"end":{"line":62,"column":3}}}},"branchMap":{"0":{"loc":{"start":{"line":35,"column":38},"end":{"line":35,"column":78}},"type":"default-arg","locations":[{"start":{"line":35,"column":65},"end":{"line":35,"column":78}}]}},"s":{"0":2,"1":2,"2":6,"3":6,"4":2,"5":2,"6":6,"7":6,"8":2},"f":{"0":6,"1":2,"2":6},"b":{"0":[0]}}
,"/Users/joshtuddenham/Projects/atomize-pro/client/src/__mocks__/mockProgressBar.ts": {"path":"/Users/joshtuddenham/Projects/atomize-pro/client/src/__mocks__/mockProgressBar.ts","statementMap":{"0":{"start":{"line":7,"column":43},"end":{"line":36,"column":null}},"1":{"start":{"line":39,"column":37},"end":{"line":57,"column":null}},"2":{"start":{"line":40,"column":21},"end":{"line":40,"column":null}},"3":{"start":{"line":42,"column":2},"end":{"line":56,"column":null}},"4":{"start":{"line":60,"column":38},"end":{"line":69,"column":null}},"5":{"start":{"line":61,"column":2},"end":{"line":68,"column":null}},"6":{"start":{"line":62,"column":15},"end":{"line":62,"column":null}},"7":{"start":{"line":63,"column":4},"end":{"line":67,"column":null}},"8":{"start":{"line":72,"column":40},"end":{"line":72,"column":null}}},"fnMap":{"0":{"name":"(anonymous_0)","decl":{"start":{"line":39,"column":37},"end":{"line":39,"column":38}},"loc":{"start":{"line":39,"column":78},"end":{"line":57,"column":null}}},"1":{"name":"(anonymous_1)","decl":{"start":{"line":60,"column":38},"end":{"line":60,"column":39}},"loc":{"start":{"line":60,"column":65},"end":{"line":69,"column":null}}},"2":{"name":"(anonymous_2)","decl":{"start":{"line":61,"column":39},"end":{"line":61,"column":40}},"loc":{"start":{"line":61,"column":53},"end":{"line":68,"column":3}}}},"branchMap":{"0":{"loc":{"start":{"line":39,"column":38},"end":{"line":39,"column":78}},"type":"default-arg","locations":[{"start":{"line":39,"column":65},"end":{"line":39,"column":78}}]}},"s":{"0":2,"1":2,"2":6,"3":6,"4":2,"5":2,"6":6,"7":6,"8":2},"f":{"0":6,"1":2,"2":6},"b":{"0":[0]}}
,"/Users/joshtuddenham/Projects/atomize-pro/client/src/__mocks__/mockSimpleList.ts": {"path":"/Users/joshtuddenham/Projects/atomize-pro/client/src/__mocks__/mockSimpleList.ts","statementMap":{"0":{"start":{"line":6,"column":42},"end":{"line":29,"column":null}},"1":{"start":{"line":31,"column":36},"end":{"line":46,"column":null}},"2":{"start":{"line":32,"column":21},"end":{"line":32,"column":null}},"3":{"start":{"line":34,"column":2},"end":{"line":45,"column":null}},"4":{"start":{"line":48,"column":37},"end":{"line":57,"column":null}},"5":{"start":{"line":49,"column":2},"end":{"line":56,"column":null}},"6":{"start":{"line":50,"column":15},"end":{"line":50,"column":null}},"7":{"start":{"line":51,"column":4},"end":{"line":55,"column":null}},"8":{"start":{"line":60,"column":39},"end":{"line":60,"column":null}}},"fnMap":{"0":{"name":"(anonymous_0)","decl":{"start":{"line":31,"column":36},"end":{"line":31,"column":37}},"loc":{"start":{"line":31,"column":77},"end":{"line":46,"column":null}}},"1":{"name":"(anonymous_1)","decl":{"start":{"line":48,"column":37},"end":{"line":48,"column":38}},"loc":{"start":{"line":48,"column":64},"end":{"line":57,"column":null}}},"2":{"name":"(anonymous_2)","decl":{"start":{"line":49,"column":39},"end":{"line":49,"column":40}},"loc":{"start":{"line":49,"column":53},"end":{"line":56,"column":3}}}},"branchMap":{"0":{"loc":{"start":{"line":31,"column":37},"end":{"line":31,"column":77}},"type":"default-arg","locations":[{"start":{"line":31,"column":64},"end":{"line":31,"column":77}}]}},"s":{"0":10,"1":10,"2":43,"3":43,"4":10,"5":11,"6":43,"7":43,"8":10},"f":{"0":43,"1":11,"2":43},"b":{"0":[0]}}
,"/Users/joshtuddenham/Projects/atomize-pro/client/src/__mocks__/mockTabData.ts": {"path":"/Users/joshtuddenham/Projects/atomize-pro/client/src/__mocks__/mockTabData.ts","statementMap":{"0":{"start":{"line":9,"column":34},"end":{"line":17,"column":null}},"1":{"start":{"line":19,"column":29},"end":{"line":26,"column":null}},"2":{"start":{"line":19,"column":69},"end":{"line":26,"column":null}},"3":{"start":{"line":28,"column":30},"end":{"line":32,"column":null}},"4":{"start":{"line":29,"column":2},"end":{"line":31,"column":null}},"5":{"start":{"line":30,"column":4},"end":{"line":30,"column":null}}},"fnMap":{"0":{"name":"(anonymous_0)","decl":{"start":{"line":19,"column":29},"end":{"line":19,"column":30}},"loc":{"start":{"line":19,"column":69},"end":{"line":26,"column":null}}},"1":{"name":"(anonymous_1)","decl":{"start":{"line":28,"column":30},"end":{"line":28,"column":31}},"loc":{"start":{"line":28,"column":56},"end":{"line":32,"column":null}}},"2":{"name":"(anonymous_2)","decl":{"start":{"line":29,"column":39},"end":{"line":29,"column":40}},"loc":{"start":{"line":30,"column":4},"end":{"line":30,"column":null}}}},"branchMap":{"0":{"loc":{"start":{"line":19,"column":30},"end":{"line":19,"column":69}},"type":"default-arg","locations":[{"start":{"line":19,"column":56},"end":{"line":19,"column":69}}]}},"s":{"0":10,"1":10,"2":12,"3":10,"4":4,"5":12},"f":{"0":12,"1":4,"2":12},"b":{"0":[0]}}
,"/Users/joshtuddenham/Projects/atomize-pro/client/src/components/AddSimple.tsx": {"path":"/Users/joshtuddenham/Projects/atomize-pro/client/src/components/AddSimple.tsx","statementMap":{"0":{"start":{"line":3,"column":2},"end":{"line":65,"column":null}},"1":{"start":{"line":16,"column":16},"end":{"line":16,"column":null}},"2":{"start":{"line":26,"column":33},"end":{"line":26,"column":null}},"3":{"start":{"line":39,"column":20},"end":{"line":39,"column":null}},"4":{"start":{"line":45,"column":20},"end":{"line":45,"column":null}},"5":{"start":{"line":51,"column":20},"end":{"line":51,"column":null}},"6":{"start":{"line":57,"column":20},"end":{"line":57,"column":null}}},"fnMap":{"0":{"name":"AddSimple","decl":{"start":{"line":2,"column":24},"end":{"line":2,"column":36}},"loc":{"start":{"line":2,"column":36},"end":{"line":67,"column":null}}},"1":{"name":"(anonymous_1)","decl":{"start":{"line":15,"column":23},"end":{"line":15,"column":29}},"loc":{"start":{"line":15,"column":29},"end":{"line":17,"column":null}}},"2":{"name":"(anonymous_2)","decl":{"start":{"line":26,"column":26},"end":{"line":26,"column":27}},"loc":{"start":{"line":26,"column":33},"end":{"line":26,"column":null}}},"3":{"name":"(anonymous_3)","decl":{"start":{"line":38,"column":27},"end":{"line":38,"column":33}},"loc":{"start":{"line":38,"column":33},"end":{"line":40,"column":null}}},"4":{"name":"(anonymous_4)","decl":{"start":{"line":44,"column":27},"end":{"line":44,"column":33}},"loc":{"start":{"line":44,"column":33},"end":{"line":46,"column":null}}},"5":{"name":"(anonymous_5)","decl":{"start":{"line":50,"column":27},"end":{"line":50,"column":33}},"loc":{"start":{"line":50,"column":33},"end":{"line":52,"column":null}}},"6":{"name":"(anonymous_6)","decl":{"start":{"line":56,"column":27},"end":{"line":56,"column":33}},"loc":{"start":{"line":56,"column":33},"end":{"line":58,"column":null}}}},"branchMap":{},"s":{"0":0,"1":0,"2":0,"3":0,"4":0,"5":0,"6":0},"f":{"0":0,"1":0,"2":0,"3":0,"4":0,"5":0,"6":0},"b":{}}
,"/Users/joshtuddenham/Projects/atomize-pro/client/src/components/BlankPage.tsx": {"path":"/Users/joshtuddenham/Projects/atomize-pro/client/src/components/BlankPage.tsx","statementMap":{"0":{"start":{"line":4,"column":2},"end":{"line":11,"column":null}}},"fnMap":{"0":{"name":"BlankPage","decl":{"start":{"line":3,"column":16},"end":{"line":3,"column":28}},"loc":{"start":{"line":3,"column":28},"end":{"line":13,"column":null}}}},"branchMap":{},"s":{"0":2},"f":{"0":2},"b":{}}
,"/Users/joshtuddenham/Projects/atomize-pro/client/src/components/CreateNew.tsx": {"path":"/Users/joshtuddenham/Projects/atomize-pro/client/src/components/CreateNew.tsx","statementMap":{"0":{"start":{"line":9,"column":2},"end":{"line":38,"column":null}}},"fnMap":{"0":{"name":"CreateNew","decl":{"start":{"line":8,"column":24},"end":{"line":8,"column":36}},"loc":{"start":{"line":8,"column":36},"end":{"line":40,"column":null}}}},"branchMap":{},"s":{"0":0},"f":{"0":0},"b":{}}
,"/Users/joshtuddenham/Projects/atomize-pro/client/src/components/CreateNewGoal.tsx": {"path":"/Users/joshtuddenham/Projects/atomize-pro/client/src/components/CreateNewGoal.tsx","statementMap":{"0":{"start":{"line":10,"column":40},"end":{"line":10,"column":null}},"1":{"start":{"line":11,"column":42},"end":{"line":11,"column":null}},"2":{"start":{"line":12,"column":34},"end":{"line":12,"column":null}},"3":{"start":{"line":13,"column":36},"end":{"line":13,"column":null}},"4":{"start":{"line":14,"column":34},"end":{"line":14,"column":null}},"5":{"start":{"line":16,"column":20},"end":{"line":16,"column":null}},"6":{"start":{"line":18,"column":26},"end":{"line":20,"column":null}},"7":{"start":{"line":19,"column":4},"end":{"line":19,"column":null}},"8":{"start":{"line":22,"column":27},"end":{"line":24,"column":null}},"9":{"start":{"line":23,"column":4},"end":{"line":23,"column":null}},"10":{"start":{"line":26,"column":27},"end":{"line":28,"column":null}},"11":{"start":{"line":27,"column":4},"end":{"line":27,"column":null}},"12":{"start":{"line":30,"column":32},"end":{"line":32,"column":null}},"13":{"start":{"line":31,"column":4},"end":{"line":31,"column":null}},"14":{"start":{"line":34,"column":31},"end":{"line":36,"column":null}},"15":{"start":{"line":35,"column":4},"end":{"line":35,"column":null}},"16":{"start":{"line":39,"column":25},"end":{"line":39,"column":null}},"17":{"start":{"line":40,"column":4},"end":{"line":41,"column":null}},"18":{"start":{"line":44,"column":24},"end":{"line":51,"column":null}},"19":{"start":{"line":53,"column":2},"end":{"line":177,"column":null}},"20":{"start":{"line":62,"column":18},"end":{"line":71,"column":null}},"21":{"start":{"line":69,"column":22},"end":{"line":69,"column":null}},"22":{"start":{"line":82,"column":30},"end":{"line":82,"column":null}},"23":{"start":{"line":83,"column":16},"end":{"line":95,"column":null}},"24":{"start":{"line":89,"column":22},"end":{"line":89,"column":null}},"25":{"start":{"line":102,"column":12},"end":{"line":116,"column":null}},"26":{"start":{"line":108,"column":18},"end":{"line":108,"column":null}},"27":{"start":{"line":111,"column":18},"end":{"line":111,"column":null}},"28":{"start":{"line":132,"column":37},"end":{"line":132,"column":null}},"29":{"start":{"line":146,"column":24},"end":{"line":146,"column":null}},"30":{"start":{"line":152,"column":24},"end":{"line":152,"column":null}},"31":{"start":{"line":158,"column":24},"end":{"line":158,"column":null}},"32":{"start":{"line":164,"column":24},"end":{"line":164,"column":null}}},"fnMap":{"0":{"name":"CreateNewGoal","decl":{"start":{"line":7,"column":24},"end":{"line":7,"column":38}},"loc":{"start":{"line":7,"column":48},"end":{"line":179,"column":null}}},"1":{"name":"(anonymous_1)","decl":{"start":{"line":18,"column":26},"end":{"line":18,"column":27}},"loc":{"start":{"line":18,"column":47},"end":{"line":20,"column":null}}},"2":{"name":"(anonymous_2)","decl":{"start":{"line":22,"column":27},"end":{"line":22,"column":28}},"loc":{"start":{"line":22,"column":41},"end":{"line":24,"column":null}}},"3":{"name":"(anonymous_3)","decl":{"start":{"line":26,"column":27},"end":{"line":26,"column":28}},"loc":{"start":{"line":26,"column":38},"end":{"line":28,"column":null}}},"4":{"name":"(anonymous_4)","decl":{"start":{"line":30,"column":32},"end":{"line":30,"column":33}},"loc":{"start":{"line":30,"column":43},"end":{"line":32,"column":null}}},"5":{"name":"(anonymous_5)","decl":{"start":{"line":34,"column":31},"end":{"line":34,"column":32}},"loc":{"start":{"line":34,"column":45},"end":{"line":36,"column":null}}},"6":{"name":"openColorBox","decl":{"start":{"line":38,"column":11},"end":{"line":38,"column":24}},"loc":{"start":{"line":38,"column":31},"end":{"line":42,"column":null}}},"7":{"name":"(anonymous_7)","decl":{"start":{"line":61,"column":25},"end":{"line":61,"column":26}},"loc":{"start":{"line":62,"column":18},"end":{"line":71,"column":null}}},"8":{"name":"(anonymous_8)","decl":{"start":{"line":68,"column":29},"end":{"line":68,"column":35}},"loc":{"start":{"line":68,"column":35},"end":{"line":70,"column":null}}},"9":{"name":"(anonymous_9)","decl":{"start":{"line":81,"column":33},"end":{"line":81,"column":34}},"loc":{"start":{"line":81,"column":48},"end":{"line":96,"column":15}}},"10":{"name":"(anonymous_10)","decl":{"start":{"line":88,"column":29},"end":{"line":88,"column":35}},"loc":{"start":{"line":88,"column":35},"end":{"line":90,"column":null}}},"11":{"name":"(anonymous_11)","decl":{"start":{"line":101,"column":25},"end":{"line":101,"column":26}},"loc":{"start":{"line":102,"column":12},"end":{"line":116,"column":null}}},"12":{"name":"(anonymous_12)","decl":{"start":{"line":107,"column":25},"end":{"line":107,"column":31}},"loc":{"start":{"line":107,"column":31},"end":{"line":109,"column":null}}},"13":{"name":"(anonymous_13)","decl":{"start":{"line":110,"column":30},"end":{"line":110,"column":36}},"loc":{"start":{"line":110,"column":36},"end":{"line":112,"column":null}}},"14":{"name":"(anonymous_14)","decl":{"start":{"line":132,"column":30},"end":{"line":132,"column":31}},"loc":{"start":{"line":132,"column":37},"end":{"line":132,"column":null}}},"15":{"name":"(anonymous_15)","decl":{"start":{"line":145,"column":31},"end":{"line":145,"column":37}},"loc":{"start":{"line":145,"column":37},"end":{"line":147,"column":null}}},"16":{"name":"(anonymous_16)","decl":{"start":{"line":151,"column":31},"end":{"line":151,"column":37}},"loc":{"start":{"line":151,"column":37},"end":{"line":153,"column":null}}},"17":{"name":"(anonymous_17)","decl":{"start":{"line":157,"column":31},"end":{"line":157,"column":37}},"loc":{"start":{"line":157,"column":37},"end":{"line":159,"column":null}}},"18":{"name":"(anonymous_18)","decl":{"start":{"line":163,"column":31},"end":{"line":163,"column":37}},"loc":{"start":{"line":163,"column":37},"end":{"line":165,"column":null}}}},"branchMap":{"0":{"loc":{"start":{"line":41,"column":6},"end":{"line":41,"column":null}},"type":"cond-expr","locations":[{"start":{"line":41,"column":47},"end":{"line":41,"column":56}},{"start":{"line":41,"column":56},"end":{"line":41,"column":null}}]},"1":{"loc":{"start":{"line":60,"column":15},"end":{"line":74,"column":null}},"type":"cond-expr","locations":[{"start":{"line":61,"column":16},"end":{"line":72,"column":null}},{"start":{"line":74,"column":16},"end":{"line":74,"column":null}}]},"2":{"loc":{"start":{"line":66,"column":22},"end":{"line":66,"column":null}},"type":"cond-expr","locations":[{"start":{"line":66,"column":44},"end":{"line":66,"column":68}},{"start":{"line":66,"column":68},"end":{"line":66,"column":null}}]},"3":{"loc":{"start":{"line":83,"column":23},"end":{"line":95,"column":null}},"type":"cond-expr","locations":[{"start":{"line":84,"column":18},"end":{"line":94,"column":null}},{"start":{"line":95,"column":20},"end":{"line":95,"column":null}}]},"4":{"loc":{"start":{"line":86,"column":22},"end":{"line":86,"column":null}},"type":"cond-expr","locations":[{"start":{"line":86,"column":47},"end":{"line":86,"column":63}},{"start":{"line":86,"column":63},"end":{"line":86,"column":null}}]},"5":{"loc":{"start":{"line":105,"column":18},"end":{"line":105,"column":null}},"type":"cond-expr","locations":[{"start":{"line":105,"column":38},"end":{"line":105,"column":63}},{"start":{"line":105,"column":63},"end":{"line":105,"column":null}}]}},"s":{"0":0,"1":0,"2":0,"3":0,"4":0,"5":0,"6":0,"7":0,"8":0,"9":0,"10":0,"11":0,"12":0,"13":0,"14":0,"15":0,"16":0,"17":0,"18":0,"19":0,"20":0,"21":0,"22":0,"23":0,"24":0,"25":0,"26":0,"27":0,"28":0,"29":0,"30":0,"31":0,"32":0},"f":{"0":0,"1":0,"2":0,"3":0,"4":0,"5":0,"6":0,"7":0,"8":0,"9":0,"10":0,"11":0,"12":0,"13":0,"14":0,"15":0,"16":0,"17":0,"18":0},"b":{"0":[0,0],"1":[0,0],"2":[0,0],"3":[0,0],"4":[0,0],"5":[0,0]}}
,"/Users/joshtuddenham/Projects/atomize-pro/client/src/components/CreateNewList.tsx": {"path":"/Users/joshtuddenham/Projects/atomize-pro/client/src/components/CreateNewList.tsx","statementMap":{"0":{"start":{"line":21,"column":20},"end":{"line":21,"column":null}},"1":{"start":{"line":22,"column":19},"end":{"line":22,"column":null}},"2":{"start":{"line":30,"column":6},"end":{"line":30,"column":null}},"3":{"start":{"line":32,"column":48},"end":{"line":32,"column":null}},"4":{"start":{"line":33,"column":40},"end":{"line":33,"column":null}},"5":{"start":{"line":34,"column":44},"end":{"line":34,"column":null}},"6":{"start":{"line":36,"column":20},"end":{"line":36,"column":null}},"7":{"start":{"line":38,"column":19},"end":{"line":38,"column":null}},"8":{"start":{"line":39,"column":19},"end":{"line":39,"column":null}},"9":{"start":{"line":41,"column":26},"end":{"line":44,"column":null}},"10":{"start":{"line":42,"column":4},"end":{"line":42,"column":null}},"11":{"start":{"line":43,"column":4},"end":{"line":43,"column":null}},"12":{"start":{"line":46,"column":19},"end":{"line":53,"column":null}},"13":{"start":{"line":47,"column":4},"end":{"line":50,"column":null}},"14":{"start":{"line":48,"column":6},"end":{"line":48,"column":null}},"15":{"start":{"line":49,"column":6},"end":{"line":49,"column":null}},"16":{"start":{"line":51,"column":4},"end":{"line":51,"column":null}},"17":{"start":{"line":52,"column":4},"end":{"line":52,"column":null}},"18":{"start":{"line":55,"column":2},"end":{"line":191,"column":null}},"19":{"start":{"line":70,"column":14},"end":{"line":81,"column":null}},"20":{"start":{"line":76,"column":18},"end":{"line":76,"column":null}},"21":{"start":{"line":78,"column":36},"end":{"line":78,"column":null}},"22":{"start":{"line":90,"column":16},"end":{"line":93,"column":null}},"23":{"start":{"line":91,"column":18},"end":{"line":91,"column":null}},"24":{"start":{"line":92,"column":18},"end":{"line":92,"column":null}},"25":{"start":{"line":94,"column":16},"end":{"line":103,"column":null}},"26":{"start":{"line":101,"column":35},"end":{"line":101,"column":null}}},"fnMap":{"0":{"name":"CreateNewList","decl":{"start":{"line":20,"column":24},"end":{"line":20,"column":40}},"loc":{"start":{"line":20,"column":40},"end":{"line":193,"column":null}}},"1":{"name":"(anonymous_1)","decl":{"start":{"line":41,"column":26},"end":{"line":41,"column":27}},"loc":{"start":{"line":41,"column":45},"end":{"line":44,"column":null}}},"2":{"name":"(anonymous_2)","decl":{"start":{"line":46,"column":19},"end":{"line":46,"column":20}},"loc":{"start":{"line":46,"column":39},"end":{"line":53,"column":null}}},"3":{"name":"(anonymous_3)","decl":{"start":{"line":69,"column":27},"end":{"line":69,"column":28}},"loc":{"start":{"line":70,"column":14},"end":{"line":81,"column":null}}},"4":{"name":"(anonymous_4)","decl":{"start":{"line":75,"column":25},"end":{"line":75,"column":null}},"loc":{"start":{"line":76,"column":18},"end":{"line":76,"column":null}}},"5":{"name":"(anonymous_5)","decl":{"start":{"line":78,"column":30},"end":{"line":78,"column":36}},"loc":{"start":{"line":78,"column":36},"end":{"line":78,"column":null}}},"6":{"name":"(anonymous_6)","decl":{"start":{"line":89,"column":23},"end":{"line":89,"column":24}},"loc":{"start":{"line":89,"column":32},"end":{"line":105,"column":15}}},"7":{"name":"(anonymous_7)","decl":{"start":{"line":101,"column":29},"end":{"line":101,"column":35}},"loc":{"start":{"line":101,"column":35},"end":{"line":101,"column":null}}}},"branchMap":{"0":{"loc":{"start":{"line":47,"column":4},"end":{"line":50,"column":null}},"type":"if","locations":[{"start":{"line":47,"column":4},"end":{"line":50,"column":null}},{"start":{},"end":{}}]},"1":{"loc":{"start":{"line":65,"column":11},"end":{"line":65,"column":null}},"type":"binary-expr","locations":[{"start":{"line":65,"column":11},"end":{"line":65,"column":30}},{"start":{"line":65,"column":30},"end":{"line":65,"column":null}}]},"2":{"loc":{"start":{"line":73,"column":18},"end":{"line":73,"column":null}},"type":"cond-expr","locations":[{"start":{"line":73,"column":38},"end":{"line":73,"column":63}},{"start":{"line":73,"column":63},"end":{"line":73,"column":null}}]},"3":{"loc":{"start":{"line":84,"column":11},"end":{"line":84,"column":null}},"type":"binary-expr","locations":[{"start":{"line":84,"column":11},"end":{"line":84,"column":30}},{"start":{"line":84,"column":30},"end":{"line":84,"column":null}}]},"4":{"loc":{"start":{"line":88,"column":13},"end":{"line":107,"column":null}},"type":"cond-expr","locations":[{"start":{"line":89,"column":14},"end":{"line":105,"column":null}},{"start":{"line":107,"column":14},"end":{"line":107,"column":null}}]},"5":{"loc":{"start":{"line":90,"column":16},"end":{"line":93,"column":null}},"type":"if","locations":[{"start":{"line":90,"column":16},"end":{"line":93,"column":null}},{"start":{},"end":{}}]},"6":{"loc":{"start":{"line":90,"column":20},"end":{"line":90,"column":50}},"type":"binary-expr","locations":[{"start":{"line":90,"column":20},"end":{"line":90,"column":28}},{"start":{"line":90,"column":28},"end":{"line":90,"column":50}}]},"7":{"loc":{"start":{"line":99,"column":22},"end":{"line":99,"column":null}},"type":"cond-expr","locations":[{"start":{"line":99,"column":47},"end":{"line":99,"column":71}},{"start":{"line":99,"column":71},"end":{"line":99,"column":null}}]},"8":{"loc":{"start":{"line":110,"column":11},"end":{"line":110,"column":null}},"type":"binary-expr","locations":[{"start":{"line":110,"column":11},"end":{"line":110,"column":33}},{"start":{"line":110,"column":33},"end":{"line":110,"column":null}}]},"9":{"loc":{"start":{"line":123,"column":7},"end":{"line":188,"column":null}},"type":"cond-expr","locations":[{"start":{"line":124,"column":8},"end":{"line":177,"column":null}},{"start":{"line":179,"column":8},"end":{"line":188,"column":null}}]},"10":{"loc":{"start":{"line":126,"column":13},"end":{"line":137,"column":null}},"type":"binary-expr","locations":[{"start":{"line":126,"column":13},"end":{"line":126,"column":null}},{"start":{"line":127,"column":14},"end":{"line":137,"column":null}}]},"11":{"loc":{"start":{"line":139,"column":13},"end":{"line":149,"column":null}},"type":"binary-expr","locations":[{"start":{"line":139,"column":13},"end":{"line":139,"column":null}},{"start":{"line":140,"column":14},"end":{"line":149,"column":null}}]},"12":{"loc":{"start":{"line":151,"column":13},"end":{"line":162,"column":null}},"type":"binary-expr","locations":[{"start":{"line":151,"column":13},"end":{"line":151,"column":null}},{"start":{"line":152,"column":14},"end":{"line":162,"column":null}}]},"13":{"loc":{"start":{"line":164,"column":13},"end":{"line":174,"column":null}},"type":"binary-expr","locations":[{"start":{"line":164,"column":13},"end":{"line":164,"column":null}},{"start":{"line":165,"column":14},"end":{"line":174,"column":null}}]},"14":{"loc":{"start":{"line":179,"column":8},"end":{"line":188,"column":null}},"type":"binary-expr","locations":[{"start":{"line":179,"column":8},"end":{"line":179,"column":null}},{"start":{"line":180,"column":10},"end":{"line":188,"column":null}}]},"15":{"loc":{"start":{"line":183,"column":24},"end":{"line":183,"column":null}},"type":"binary-expr","locations":[{"start":{"line":183,"column":24},"end":{"line":183,"column":36}},{"start":{"line":183,"column":36},"end":{"line":183,"column":null}}]},"16":{"loc":{"start":{"line":184,"column":24},"end":{"line":184,"column":null}},"type":"binary-expr","locations":[{"start":{"line":184,"column":24},"end":{"line":184,"column":36}},{"start":{"line":184,"column":36},"end":{"line":184,"column":null}}]}},"s":{"0":0,"1":0,"2":0,"3":0,"4":0,"5":0,"6":0,"7":0,"8":0,"9":0,"10":0,"11":0,"12":0,"13":0,"14":0,"15":0,"16":0,"17":0,"18":0,"19":0,"20":0,"21":0,"22":0,"23":0,"24":0,"25":0,"26":0},"f":{"0":0,"1":0,"2":0,"3":0,"4":0,"5":0,"6":0,"7":0},"b":{"0":[0,0],"1":[0,0],"2":[0,0],"3":[0,0],"4":[0,0],"5":[0,0],"6":[0,0],"7":[0,0],"8":[0,0],"9":[0,0],"10":[0,0],"11":[0,0],"12":[0,0],"13":[0,0],"14":[0,0],"15":[0,0],"16":[0,0]}}
,"/Users/joshtuddenham/Projects/atomize-pro/client/src/components/CreateNewTab.tsx": {"path":"/Users/joshtuddenham/Projects/atomize-pro/client/src/components/CreateNewTab.tsx","statementMap":{"0":{"start":{"line":13,"column":19},"end":{"line":13,"column":null}},"1":{"start":{"line":14,"column":30},"end":{"line":14,"column":null}},"2":{"start":{"line":18,"column":19},"end":{"line":18,"column":null}},"3":{"start":{"line":26,"column":6},"end":{"line":26,"column":null}},"4":{"start":{"line":28,"column":19},"end":{"line":41,"column":null}},"5":{"start":{"line":43,"column":24},"end":{"line":43,"column":null}},"6":{"start":{"line":45,"column":19},"end":{"line":47,"column":null}},"7":{"start":{"line":46,"column":4},"end":{"line":46,"column":null}},"8":{"start":{"line":50,"column":19},"end":{"line":79,"column":null}},"9":{"start":{"line":51,"column":4},"end":{"line":54,"column":null}},"10":{"start":{"line":52,"column":6},"end":{"line":52,"column":null}},"11":{"start":{"line":53,"column":6},"end":{"line":53,"column":null}},"12":{"start":{"line":56,"column":36},"end":{"line":60,"column":null}},"13":{"start":{"line":62,"column":4},"end":{"line":78,"column":null}},"14":{"start":{"line":63,"column":6},"end":{"line":63,"column":null}},"15":{"start":{"line":64,"column":25},"end":{"line":64,"column":null}},"16":{"start":{"line":65,"column":6},"end":{"line":73,"column":null}},"17":{"start":{"line":66,"column":8},"end":{"line":66,"column":null}},"18":{"start":{"line":67,"column":8},"end":{"line":67,"column":null}},"19":{"start":{"line":69,"column":21},"end":{"line":69,"column":null}},"20":{"start":{"line":70,"column":8},"end":{"line":70,"column":null}},"21":{"start":{"line":72,"column":8},"end":{"line":72,"column":null}},"22":{"start":{"line":75,"column":6},"end":{"line":75,"column":null}},"23":{"start":{"line":77,"column":6},"end":{"line":77,"column":null}},"24":{"start":{"line":82,"column":27},"end":{"line":84,"column":null}},"25":{"start":{"line":83,"column":4},"end":{"line":83,"column":null}},"26":{"start":{"line":86,"column":2},"end":{"line":115,"column":null}},"27":{"start":{"line":100,"column":12},"end":{"line":107,"column":null}},"28":{"start":{"line":105,"column":29},"end":{"line":105,"column":null}}},"fnMap":{"0":{"name":"CreateNewTab","decl":{"start":{"line":12,"column":24},"end":{"line":12,"column":39}},"loc":{"start":{"line":12,"column":39},"end":{"line":117,"column":null}}},"1":{"name":"(anonymous_1)","decl":{"start":{"line":45,"column":19},"end":{"line":45,"column":20}},"loc":{"start":{"line":45,"column":37},"end":{"line":47,"column":null}}},"2":{"name":"(anonymous_2)","decl":{"start":{"line":50,"column":19},"end":{"line":50,"column":26}},"loc":{"start":{"line":50,"column":45},"end":{"line":79,"column":null}}},"3":{"name":"(anonymous_3)","decl":{"start":{"line":82,"column":27},"end":{"line":82,"column":28}},"loc":{"start":{"line":82,"column":45},"end":{"line":84,"column":null}}},"4":{"name":"(anonymous_4)","decl":{"start":{"line":99,"column":24},"end":{"line":99,"column":25}},"loc":{"start":{"line":100,"column":12},"end":{"line":107,"column":null}}},"5":{"name":"(anonymous_5)","decl":{"start":{"line":105,"column":23},"end":{"line":105,"column":29}},"loc":{"start":{"line":105,"column":29},"end":{"line":105,"column":null}}}},"branchMap":{"0":{"loc":{"start":{"line":51,"column":4},"end":{"line":54,"column":null}},"type":"if","locations":[{"start":{"line":51,"column":4},"end":{"line":54,"column":null}},{"start":{},"end":{}}]},"1":{"loc":{"start":{"line":51,"column":8},"end":{"line":51,"column":39}},"type":"binary-expr","locations":[{"start":{"line":51,"column":8},"end":{"line":51,"column":22}},{"start":{"line":51,"column":22},"end":{"line":51,"column":39}}]},"2":{"loc":{"start":{"line":65,"column":6},"end":{"line":73,"column":null}},"type":"if","locations":[{"start":{"line":65,"column":6},"end":{"line":73,"column":null}},{"start":{"line":71,"column":13},"end":{"line":73,"column":null}}]},"3":{"loc":{"start":{"line":96,"column":9},"end":{"line":96,"column":null}},"type":"binary-expr","locations":[{"start":{"line":96,"column":9},"end":{"line":96,"column":24}},{"start":{"line":96,"column":24},"end":{"line":96,"column":null}}]},"4":{"loc":{"start":{"line":103,"column":16},"end":{"line":103,"column":null}},"type":"cond-expr","locations":[{"start":{"line":103,"column":41},"end":{"line":103,"column":57}},{"start":{"line":103,"column":57},"end":{"line":103,"column":null}}]},"5":{"loc":{"start":{"line":110,"column":9},"end":{"line":110,"column":null}},"type":"binary-expr","locations":[{"start":{"line":110,"column":9},"end":{"line":110,"column":29}},{"start":{"line":110,"column":29},"end":{"line":110,"column":null}}]}},"s":{"0":0,"1":0,"2":0,"3":0,"4":0,"5":0,"6":0,"7":0,"8":0,"9":0,"10":0,"11":0,"12":0,"13":0,"14":0,"15":0,"16":0,"17":0,"18":0,"19":0,"20":0,"21":0,"22":0,"23":0,"24":0,"25":0,"26":0,"27":0,"28":0},"f":{"0":0,"1":0,"2":0,"3":0,"4":0,"5":0},"b":{"0":[0,0],"1":[0,0],"2":[0,0],"3":[0,0],"4":[0,0],"5":[0,0]}}
,"/Users/joshtuddenham/Projects/atomize-pro/client/src/components/HomePage-Overview.tsx": {"path":"/Users/joshtuddenham/Projects/atomize-pro/client/src/components/HomePage-Overview.tsx","statementMap":{"0":{"start":{"line":7,"column":20},"end":{"line":7,"column":null}},"1":{"start":{"line":10,"column":26},"end":{"line":10,"column":null}},"2":{"start":{"line":12,"column":2},"end":{"line":24,"column":null}},"3":{"start":{"line":15,"column":8},"end":{"line":22,"column":null}},"4":{"start":{"line":19,"column":14},"end":{"line":19,"column":null}}},"fnMap":{"0":{"name":"HomeOverview","decl":{"start":{"line":4,"column":24},"end":{"line":4,"column":39}},"loc":{"start":{"line":4,"column":39},"end":{"line":26,"column":null}}},"1":{"name":"(anonymous_1)","decl":{"start":{"line":14,"column":16},"end":{"line":14,"column":17}},"loc":{"start":{"line":15,"column":8},"end":{"line":22,"column":null}}},"2":{"name":"(anonymous_2)","decl":{"start":{"line":18,"column":23},"end":{"line":18,"column":24}},"loc":{"start":{"line":19,"column":14},"end":{"line":19,"column":null}}}},"branchMap":{"0":{"loc":{"start":{"line":19,"column":14},"end":{"line":19,"column":null}},"type":"cond-expr","locations":[{"start":{"line":19,"column":36},"end":{"line":19,"column":74}},{"start":{"line":19,"column":74},"end":{"line":19,"column":null}}]}},"s":{"0":2,"1":2,"2":2,"3":6,"4":30},"f":{"0":2,"1":6,"2":30},"b":{"0":[10,20]}}
,"/Users/joshtuddenham/Projects/atomize-pro/client/src/components/HomePage-Planner.tsx": {"path":"/Users/joshtuddenham/Projects/atomize-pro/client/src/components/HomePage-Planner.tsx","statementMap":{"0":{"start":{"line":8,"column":25},"end":{"line":8,"column":null}},"1":{"start":{"line":10,"column":2},"end":{"line":13,"column":null}},"2":{"start":{"line":18,"column":20},"end":{"line":18,"column":null}},"3":{"start":{"line":19,"column":26},"end":{"line":19,"column":null}},"4":{"start":{"line":22,"column":28},"end":{"line":22,"column":null}},"5":{"start":{"line":23,"column":24},"end":{"line":23,"column":null}},"6":{"start":{"line":25,"column":20},"end":{"line":25,"column":null}},"7":{"start":{"line":27,"column":36},"end":{"line":27,"column":null}},"8":{"start":{"line":27,"column":65},"end":{"line":27,"column":69}},"9":{"start":{"line":29,"column":28},"end":{"line":32,"column":null}},"10":{"start":{"line":34,"column":24},"end":{"line":48,"column":null}},"11":{"start":{"line":35,"column":29},"end":{"line":35,"column":null}},"12":{"start":{"line":36,"column":4},"end":{"line":36,"column":null}},"13":{"start":{"line":36,"column":15},"end":{"line":36,"column":null}},"14":{"start":{"line":38,"column":25},"end":{"line":38,"column":null}},"15":{"start":{"line":39,"column":25},"end":{"line":39,"column":null}},"16":{"start":{"line":40,"column":22},"end":{"line":40,"column":null}},"17":{"start":{"line":42,"column":4},"end":{"line":47,"column":null}},"18":{"start":{"line":43,"column":31},"end":{"line":43,"column":null}},"19":{"start":{"line":44,"column":26},"end":{"line":44,"column":null}},"20":{"start":{"line":44,"column":47},"end":{"line":44,"column":71}},"21":{"start":{"line":45,"column":6},"end":{"line":45,"column":null}},"22":{"start":{"line":46,"column":6},"end":{"line":46,"column":null}},"23":{"start":{"line":50,"column":2},"end":{"line":72,"column":null}},"24":{"start":{"line":58,"column":12},"end":{"line":67,"column":null}}},"fnMap":{"0":{"name":"Droppable","decl":{"start":{"line":7,"column":9},"end":{"line":7,"column":19}},"loc":{"start":{"line":7,"column":37},"end":{"line":15,"column":null}}},"1":{"name":"HomePlanner","decl":{"start":{"line":17,"column":24},"end":{"line":17,"column":38}},"loc":{"start":{"line":17,"column":38},"end":{"line":74,"column":null}}},"2":{"name":"(anonymous_2)","decl":{"start":{"line":27,"column":59},"end":{"line":27,"column":65}},"loc":{"start":{"line":27,"column":65},"end":{"line":27,"column":69}}},"3":{"name":"(anonymous_3)","decl":{"start":{"line":34,"column":24},"end":{"line":34,"column":25}},"loc":{"start":{"line":34,"column":35},"end":{"line":48,"column":null}}},"4":{"name":"(anonymous_4)","decl":{"start":{"line":42,"column":17},"end":{"line":42,"column":18}},"loc":{"start":{"line":42,"column":36},"end":{"line":47,"column":5}}},"5":{"name":"(anonymous_5)","decl":{"start":{"line":44,"column":37},"end":{"line":44,"column":38}},"loc":{"start":{"line":44,"column":47},"end":{"line":44,"column":71}}},"6":{"name":"(anonymous_6)","decl":{"start":{"line":57,"column":25},"end":{"line":57,"column":26}},"loc":{"start":{"line":58,"column":12},"end":{"line":67,"column":null}}}},"branchMap":{"0":{"loc":{"start":{"line":36,"column":4},"end":{"line":36,"column":null}},"type":"if","locations":[{"start":{"line":36,"column":4},"end":{"line":36,"column":null}},{"start":{},"end":{}}]},"1":{"loc":{"start":{"line":63,"column":17},"end":{"line":65,"column":null}},"type":"cond-expr","locations":[{"start":{"line":64,"column":18},"end":{"line":64,"column":null}},{"start":{"line":65,"column":20},"end":{"line":65,"column":null}}]}},"s":{"0":0,"1":0,"2":0,"3":0,"4":0,"5":0,"6":0,"7":0,"8":0,"9":0,"10":0,"11":0,"12":0,"13":0,"14":0,"15":0,"16":0,"17":0,"18":0,"19":0,"20":0,"21":0,"22":0,"23":0,"24":0},"f":{"0":0,"1":0,"2":0,"3":0,"4":0,"5":0,"6":0},"b":{"0":[0,0],"1":[0,0]}}
,"/Users/joshtuddenham/Projects/atomize-pro/client/src/components/HomePage.tsx": {"path":"/Users/joshtuddenham/Projects/atomize-pro/client/src/components/HomePage.tsx","statementMap":{"0":{"start":{"line":7,"column":2},"end":{"line":13,"column":null}}},"fnMap":{"0":{"name":"HomePage","decl":{"start":{"line":6,"column":24},"end":{"line":6,"column":35}},"loc":{"start":{"line":6,"column":35},"end":{"line":15,"column":null}}}},"branchMap":{},"s":{"0":2},"f":{"0":2},"b":{}}
,"/Users/joshtuddenham/Projects/atomize-pro/client/src/components/List.tsx": {"path":"/Users/joshtuddenham/Projects/atomize-pro/client/src/components/List.tsx","statementMap":{"0":{"start":{"line":15,"column":20},"end":{"line":15,"column":null}},"1":{"start":{"line":15,"column":46},"end":{"line":15,"column":69}},"2":{"start":{"line":16,"column":2},"end":{"line":32,"column":null}},"3":{"start":{"line":21,"column":10},"end":{"line":29,"column":null}}},"fnMap":{"0":{"name":"List","decl":{"start":{"line":13,"column":24},"end":{"line":13,"column":29}},"loc":{"start":{"line":13,"column":60},"end":{"line":34,"column":null}}},"1":{"name":"(anonymous_1)","decl":{"start":{"line":15,"column":36},"end":{"line":15,"column":37}},"loc":{"start":{"line":15,"column":46},"end":{"line":15,"column":69}}},"2":{"name":"(anonymous_2)","decl":{"start":{"line":20,"column":23},"end":{"line":20,"column":24}},"loc":{"start":{"line":21,"column":10},"end":{"line":29,"column":null}}}},"branchMap":{"0":{"loc":{"start":{"line":21,"column":10},"end":{"line":29,"column":null}},"type":"cond-expr","locations":[{"start":{"line":22,"column":12},"end":{"line":22,"column":null}},{"start":{"line":23,"column":14},"end":{"line":29,"column":null}}]},"1":{"loc":{"start":{"line":21,"column":10},"end":{"line":21,"column":null}},"type":"binary-expr","locations":[{"start":{"line":21,"column":10},"end":{"line":21,"column":41}},{"start":{"line":21,"column":41},"end":{"line":21,"column":null}}]},"2":{"loc":{"start":{"line":23,"column":14},"end":{"line":29,"column":null}},"type":"cond-expr","locations":[{"start":{"line":24,"column":12},"end":{"line":24,"column":null}},{"start":{"line":25,"column":14},"end":{"line":29,"column":null}}]},"3":{"loc":{"start":{"line":25,"column":14},"end":{"line":29,"column":null}},"type":"cond-expr","locations":[{"start":{"line":26,"column":12},"end":{"line":26,"column":null}},{"start":{"line":27,"column":14},"end":{"line":29,"column":null}}]},"4":{"loc":{"start":{"line":27,"column":14},"end":{"line":29,"column":null}},"type":"cond-expr","locations":[{"start":{"line":28,"column":12},"end":{"line":28,"column":null}},{"start":{"line":29,"column":14},"end":{"line":29,"column":null}}]}},"s":{"0":7,"1":15,"2":7,"3":11},"f":{"0":7,"1":15,"2":11},"b":{"0":[4,7],"1":[11,4],"2":[1,6],"3":[1,5],"4":[0,5]}}
,"/Users/joshtuddenham/Projects/atomize-pro/client/src/components/MakeEdits.tsx": {"path":"/Users/joshtuddenham/Projects/atomize-pro/client/src/components/MakeEdits.tsx","statementMap":{"0":{"start":{"line":11,"column":30},"end":{"line":11,"column":null}},"1":{"start":{"line":15,"column":26},"end":{"line":15,"column":null}},"2":{"start":{"line":19,"column":40},"end":{"line":19,"column":null}},"3":{"start":{"line":20,"column":42},"end":{"line":20,"column":null}},"4":{"start":{"line":21,"column":42},"end":{"line":21,"column":null}},"5":{"start":{"line":22,"column":42},"end":{"line":22,"column":null}},"6":{"start":{"line":24,"column":29},"end":{"line":37,"column":null}},"7":{"start":{"line":25,"column":4},"end":{"line":25,"column":null}},"8":{"start":{"line":27,"column":4},"end":{"line":36,"column":null}},"9":{"start":{"line":28,"column":6},"end":{"line":28,"column":null}},"10":{"start":{"line":29,"column":6},"end":{"line":29,"column":null}},"11":{"start":{"line":30,"column":6},"end":{"line":30,"column":null}},"12":{"start":{"line":31,"column":4},"end":{"line":36,"column":null}},"13":{"start":{"line":32,"column":6},"end":{"line":32,"column":null}},"14":{"start":{"line":33,"column":6},"end":{"line":33,"column":null}},"15":{"start":{"line":34,"column":4},"end":{"line":36,"column":null}},"16":{"start":{"line":35,"column":6},"end":{"line":35,"column":null}},"17":{"start":{"line":40,"column":28},"end":{"line":54,"column":null}},"18":{"start":{"line":41,"column":4},"end":{"line":41,"column":null}},"19":{"start":{"line":41,"column":60},"end":{"line":41,"column":null}},"20":{"start":{"line":42,"column":4},"end":{"line":42,"column":null}},"21":{"start":{"line":44,"column":4},"end":{"line":48,"column":null}},"22":{"start":{"line":45,"column":6},"end":{"line":47,"column":null}},"23":{"start":{"line":46,"column":8},"end":{"line":46,"column":null}},"24":{"start":{"line":51,"column":4},"end":{"line":51,"column":null}},"25":{"start":{"line":52,"column":4},"end":{"line":52,"column":null}},"26":{"start":{"line":53,"column":4},"end":{"line":53,"column":null}},"27":{"start":{"line":56,"column":29},"end":{"line":77,"column":null}},"28":{"start":{"line":57,"column":4},"end":{"line":57,"column":null}},"29":{"start":{"line":57,"column":23},"end":{"line":57,"column":null}},"30":{"start":{"line":59,"column":21},"end":{"line":59,"column":null}},"31":{"start":{"line":60,"column":4},"end":{"line":60,"column":null}},"32":{"start":{"line":63,"column":4},"end":{"line":66,"column":null}},"33":{"start":{"line":69,"column":25},"end":{"line":71,"column":null}},"34":{"start":{"line":70,"column":16},"end":{"line":70,"column":null}},"35":{"start":{"line":73,"column":4},"end":{"line":76,"column":null}},"36":{"start":{"line":75,"column":6},"end":{"line":75,"column":null}},"37":{"start":{"line":80,"column":29},"end":{"line":94,"column":null}},"38":{"start":{"line":81,"column":4},"end":{"line":81,"column":null}},"39":{"start":{"line":81,"column":23},"end":{"line":81,"column":null}},"40":{"start":{"line":84,"column":4},"end":{"line":88,"column":null}},"41":{"start":{"line":85,"column":6},"end":{"line":87,"column":null}},"42":{"start":{"line":86,"column":8},"end":{"line":86,"column":null}},"43":{"start":{"line":97,"column":26},"end":{"line":102,"column":null}},"44":{"start":{"line":98,"column":4},"end":{"line":98,"column":null}},"45":{"start":{"line":99,"column":4},"end":{"line":99,"column":null}},"46":{"start":{"line":100,"column":4},"end":{"line":100,"column":null}},"47":{"start":{"line":101,"column":4},"end":{"line":101,"column":null}},"48":{"start":{"line":105,"column":23},"end":{"line":127,"column":null}},"49":{"start":{"line":106,"column":4},"end":{"line":107,"column":null}},"50":{"start":{"line":107,"column":6},"end":{"line":107,"column":null}},"51":{"start":{"line":109,"column":26},"end":{"line":113,"column":null}},"52":{"start":{"line":115,"column":4},"end":{"line":126,"column":null}},"53":{"start":{"line":116,"column":6},"end":{"line":122,"column":null}},"54":{"start":{"line":117,"column":8},"end":{"line":117,"column":null}},"55":{"start":{"line":118,"column":6},"end":{"line":122,"column":null}},"56":{"start":{"line":119,"column":8},"end":{"line":119,"column":null}},"57":{"start":{"line":120,"column":6},"end":{"line":122,"column":null}},"58":{"start":{"line":121,"column":8},"end":{"line":121,"column":null}},"59":{"start":{"line":125,"column":6},"end":{"line":125,"column":null}},"60":{"start":{"line":130,"column":22},"end":{"line":138,"column":null}},"61":{"start":{"line":134,"column":30},"end":{"line":134,"column":57}},"62":{"start":{"line":135,"column":27},"end":{"line":135,"column":41}},"63":{"start":{"line":140,"column":2},"end":{"line":214,"column":null}},"64":{"start":{"line":146,"column":14},"end":{"line":159,"column":null}},"65":{"start":{"line":151,"column":31},"end":{"line":151,"column":null}},"66":{"start":{"line":167,"column":12},"end":{"line":175,"column":null}},"67":{"start":{"line":172,"column":29},"end":{"line":172,"column":null}},"68":{"start":{"line":182,"column":30},"end":{"line":182,"column":61}},"69":{"start":{"line":184,"column":14},"end":{"line":192,"column":null}},"70":{"start":{"line":189,"column":31},"end":{"line":189,"column":null}}},"fnMap":{"0":{"name":"MakeEdits","decl":{"start":{"line":10,"column":24},"end":{"line":10,"column":36}},"loc":{"start":{"line":10,"column":36},"end":{"line":216,"column":null}}},"1":{"name":"(anonymous_1)","decl":{"start":{"line":24,"column":29},"end":{"line":24,"column":30}},"loc":{"start":{"line":24,"column":73},"end":{"line":37,"column":null}}},"2":{"name":"(anonymous_2)","decl":{"start":{"line":40,"column":28},"end":{"line":40,"column":34}},"loc":{"start":{"line":40,"column":34},"end":{"line":54,"column":null}}},"3":{"name":"(anonymous_3)","decl":{"start":{"line":44,"column":18},"end":{"line":44,"column":19}},"loc":{"start":{"line":44,"column":28},"end":{"line":48,"column":5}}},"4":{"name":"(anonymous_4)","decl":{"start":{"line":56,"column":29},"end":{"line":56,"column":35}},"loc":{"start":{"line":56,"column":35},"end":{"line":77,"column":null}}},"5":{"name":"(anonymous_5)","decl":{"start":{"line":70,"column":6},"end":{"line":70,"column":7}},"loc":{"start":{"line":70,"column":16},"end":{"line":70,"column":null}}},"6":{"name":"(anonymous_6)","decl":{"start":{"line":80,"column":29},"end":{"line":80,"column":35}},"loc":{"start":{"line":80,"column":35},"end":{"line":94,"column":null}}},"7":{"name":"(anonymous_7)","decl":{"start":{"line":84,"column":18},"end":{"line":84,"column":19}},"loc":{"start":{"line":84,"column":28},"end":{"line":88,"column":5}}},"8":{"name":"(anonymous_8)","decl":{"start":{"line":97,"column":26},"end":{"line":97,"column":32}},"loc":{"start":{"line":97,"column":32},"end":{"line":102,"column":null}}},"9":{"name":"(anonymous_9)","decl":{"start":{"line":105,"column":23},"end":{"line":105,"column":29}},"loc":{"start":{"line":105,"column":29},"end":{"line":127,"column":null}}},"10":{"name":"(anonymous_10)","decl":{"start":{"line":134,"column":20},"end":{"line":134,"column":21}},"loc":{"start":{"line":134,"column":30},"end":{"line":134,"column":57}}},"11":{"name":"(anonymous_11)","decl":{"start":{"line":135,"column":17},"end":{"line":135,"column":18}},"loc":{"start":{"line":135,"column":27},"end":{"line":135,"column":41}}},"12":{"name":"(anonymous_12)","decl":{"start":{"line":145,"column":22},"end":{"line":145,"column":23}},"loc":{"start":{"line":146,"column":14},"end":{"line":159,"column":null}}},"13":{"name":"(anonymous_13)","decl":{"start":{"line":151,"column":25},"end":{"line":151,"column":31}},"loc":{"start":{"line":151,"column":31},"end":{"line":151,"column":null}}},"14":{"name":"(anonymous_14)","decl":{"start":{"line":166,"column":27},"end":{"line":166,"column":28}},"loc":{"start":{"line":167,"column":12},"end":{"line":175,"column":null}}},"15":{"name":"(anonymous_15)","decl":{"start":{"line":172,"column":23},"end":{"line":172,"column":29}},"loc":{"start":{"line":172,"column":29},"end":{"line":172,"column":null}}},"16":{"name":"(anonymous_16)","decl":{"start":{"line":182,"column":20},"end":{"line":182,"column":21}},"loc":{"start":{"line":182,"column":30},"end":{"line":182,"column":61}}},"17":{"name":"(anonymous_17)","decl":{"start":{"line":183,"column":17},"end":{"line":183,"column":18}},"loc":{"start":{"line":184,"column":14},"end":{"line":192,"column":null}}},"18":{"name":"(anonymous_18)","decl":{"start":{"line":189,"column":25},"end":{"line":189,"column":31}},"loc":{"start":{"line":189,"column":31},"end":{"line":189,"column":null}}}},"branchMap":{"0":{"loc":{"start":{"line":27,"column":4},"end":{"line":36,"column":null}},"type":"if","locations":[{"start":{"line":27,"column":4},"end":{"line":36,"column":null}},{"start":{"line":31,"column":4},"end":{"line":36,"column":null}}]},"1":{"loc":{"start":{"line":31,"column":4},"end":{"line":36,"column":null}},"type":"if","locations":[{"start":{"line":31,"column":4},"end":{"line":36,"column":null}},{"start":{"line":34,"column":4},"end":{"line":36,"column":null}}]},"2":{"loc":{"start":{"line":34,"column":4},"end":{"line":36,"column":null}},"type":"if","locations":[{"start":{"line":34,"column":4},"end":{"line":36,"column":null}},{"start":{},"end":{}}]},"3":{"loc":{"start":{"line":41,"column":4},"end":{"line":41,"column":null}},"type":"if","locations":[{"start":{"line":41,"column":4},"end":{"line":41,"column":null}},{"start":{},"end":{}}]},"4":{"loc":{"start":{"line":41,"column":8},"end":{"line":41,"column":60}},"type":"binary-expr","locations":[{"start":{"line":41,"column":8},"end":{"line":41,"column":24}},{"start":{"line":41,"column":24},"end":{"line":41,"column":60}}]},"5":{"loc":{"start":{"line":45,"column":6},"end":{"line":47,"column":null}},"type":"if","locations":[{"start":{"line":45,"column":6},"end":{"line":47,"column":null}},{"start":{},"end":{}}]},"6":{"loc":{"start":{"line":57,"column":4},"end":{"line":57,"column":null}},"type":"if","locations":[{"start":{"line":57,"column":4},"end":{"line":57,"column":null}},{"start":{},"end":{}}]},"7":{"loc":{"start":{"line":70,"column":16},"end":{"line":70,"column":null}},"type":"binary-expr","locations":[{"start":{"line":70,"column":16},"end":{"line":70,"column":47}},{"start":{"line":70,"column":47},"end":{"line":70,"column":null}}]},"8":{"loc":{"start":{"line":73,"column":4},"end":{"line":76,"column":null}},"type":"if","locations":[{"start":{"line":73,"column":4},"end":{"line":76,"column":null}},{"start":{},"end":{}}]},"9":{"loc":{"start":{"line":81,"column":4},"end":{"line":81,"column":null}},"type":"if","locations":[{"start":{"line":81,"column":4},"end":{"line":81,"column":null}},{"start":{},"end":{}}]},"10":{"loc":{"start":{"line":85,"column":6},"end":{"line":87,"column":null}},"type":"if","locations":[{"start":{"line":85,"column":6},"end":{"line":87,"column":null}},{"start":{},"end":{}}]},"11":{"loc":{"start":{"line":106,"column":4},"end":{"line":107,"column":null}},"type":"if","locations":[{"start":{"line":106,"column":4},"end":{"line":107,"column":null}},{"start":{},"end":{}}]},"12":{"loc":{"start":{"line":106,"column":8},"end":{"line":106,"column":null}},"type":"binary-expr","locations":[{"start":{"line":106,"column":8},"end":{"line":106,"column":26}},{"start":{"line":106,"column":26},"end":{"line":106,"column":42}},{"start":{"line":106,"column":42},"end":{"line":106,"column":59}},{"start":{"line":106,"column":59},"end":{"line":106,"column":null}}]},"13":{"loc":{"start":{"line":111,"column":8},"end":{"line":111,"column":null}},"type":"binary-expr","locations":[{"start":{"line":111,"column":8},"end":{"line":111,"column":29}},{"start":{"line":111,"column":29},"end":{"line":111,"column":45}},{"start":{"line":111,"column":45},"end":{"line":111,"column":null}}]},"14":{"loc":{"start":{"line":115,"column":4},"end":{"line":126,"column":null}},"type":"if","locations":[{"start":{"line":115,"column":4},"end":{"line":126,"column":null}},{"start":{},"end":{}}]},"15":{"loc":{"start":{"line":116,"column":6},"end":{"line":122,"column":null}},"type":"if","locations":[{"start":{"line":116,"column":6},"end":{"line":122,"column":null}},{"start":{"line":118,"column":6},"end":{"line":122,"column":null}}]},"16":{"loc":{"start":{"line":118,"column":6},"end":{"line":122,"column":null}},"type":"if","locations":[{"start":{"line":118,"column":6},"end":{"line":122,"column":null}},{"start":{"line":120,"column":6},"end":{"line":122,"column":null}}]},"17":{"loc":{"start":{"line":120,"column":6},"end":{"line":122,"column":null}},"type":"if","locations":[{"start":{"line":120,"column":6},"end":{"line":122,"column":null}},{"start":{},"end":{}}]},"18":{"loc":{"start":{"line":130,"column":22},"end":{"line":138,"column":null}},"type":"cond-expr","locations":[{"start":{"line":131,"column":6},"end":{"line":137,"column":null}},{"start":{"line":138,"column":6},"end":{"line":138,"column":null}}]},"19":{"loc":{"start":{"line":149,"column":18},"end":{"line":149,"column":null}},"type":"cond-expr","locations":[{"start":{"line":149,"column":40},"end":{"line":149,"column":56}},{"start":{"line":149,"column":56},"end":{"line":149,"column":null}}]},"20":{"loc":{"start":{"line":170,"column":16},"end":{"line":170,"column":null}},"type":"cond-expr","locations":[{"start":{"line":170,"column":40},"end":{"line":170,"column":56}},{"start":{"line":170,"column":56},"end":{"line":170,"column":null}}]},"21":{"loc":{"start":{"line":187,"column":18},"end":{"line":187,"column":null}},"type":"cond-expr","locations":[{"start":{"line":187,"column":42},"end":{"line":187,"column":58}},{"start":{"line":187,"column":58},"end":{"line":187,"column":null}}]},"22":{"loc":{"start":{"line":200,"column":23},"end":{"line":200,"column":null}},"type":"cond-expr","locations":[{"start":{"line":200,"column":38},"end":{"line":200,"column":53}},{"start":{"line":200,"column":53},"end":{"line":200,"column":null}}]}},"s":{"0":5,"1":5,"2":5,"3":5,"4":5,"5":5,"6":5,"7":2,"8":2,"9":2,"10":2,"11":2,"12":0,"13":0,"14":0,"15":0,"16":0,"17":5,"18":0,"19":0,"20":0,"21":0,"22":0,"23":0,"24":0,"25":0,"26":0,"27":5,"28":0,"29":0,"30":0,"31":0,"32":0,"33":0,"34":0,"35":0,"36":0,"37":5,"38":0,"39":0,"40":0,"41":0,"42":0,"43":5,"44":0,"45":0,"46":0,"47":0,"48":5,"49":0,"50":0,"51":0,"52":0,"53":0,"54":0,"55":0,"56":0,"57":0,"58":0,"59":0,"60":5,"61":10,"62":10,"63":5,"64":15,"65":2,"66":2,"67":0,"68":25,"69":0,"70":0},"f":{"0":5,"1":2,"2":0,"3":0,"4":0,"5":0,"6":0,"7":0,"8":0,"9":0,"10":10,"11":10,"12":15,"13":2,"14":2,"15":0,"16":25,"17":0,"18":0},"b":{"0":[2,0],"1":[0,0],"2":[0,0],"3":[0,0],"4":[0,0],"5":[0,0],"6":[0,0],"7":[0,0],"8":[0,0],"9":[0,0],"10":[0,0],"11":[0,0],"12":[0,0,0,0],"13":[0,0,0],"14":[0,0],"15":[0,0],"16":[0,0],"17":[0,0],"18":[2,3],"19":[2,13],"20":[0,2],"21":[0,0],"22":[0,5]}}
,"/Users/joshtuddenham/Projects/atomize-pro/client/src/components/NavBar.tsx": {"path":"/Users/joshtuddenham/Projects/atomize-pro/client/src/components/NavBar.tsx","statementMap":{"0":{"start":{"line":12,"column":20},"end":{"line":12,"column":null}},"1":{"start":{"line":15,"column":41},"end":{"line":15,"column":null}},"2":{"start":{"line":17,"column":21},"end":{"line":28,"column":null}},"3":{"start":{"line":18,"column":23},"end":{"line":23,"column":null}},"4":{"start":{"line":24,"column":18},"end":{"line":24,"column":null}},"5":{"start":{"line":25,"column":22},"end":{"line":25,"column":null}},"6":{"start":{"line":26,"column":23},"end":{"line":26,"column":null}},"7":{"start":{"line":27,"column":4},"end":{"line":27,"column":null}},"8":{"start":{"line":30,"column":24},"end":{"line":30,"column":null}},"9":{"start":{"line":32,"column":2},"end":{"line":73,"column":null}},"10":{"start":{"line":43,"column":14},"end":{"line":50,"column":null}},"11":{"start":{"line":44,"column":39},"end":{"line":44,"column":null}},"12":{"start":{"line":45,"column":16},"end":{"line":48,"column":null}},"13":{"start":{"line":51,"column":14},"end":{"line":51,"column":null}}},"fnMap":{"0":{"name":"NavBar","decl":{"start":{"line":10,"column":24},"end":{"line":10,"column":33}},"loc":{"start":{"line":10,"column":33},"end":{"line":75,"column":null}}},"1":{"name":"(anonymous_1)","decl":{"start":{"line":17,"column":21},"end":{"line":17,"column":22}},"loc":{"start":{"line":17,"column":37},"end":{"line":28,"column":null}}},"2":{"name":"(anonymous_2)","decl":{"start":{"line":42,"column":21},"end":{"line":42,"column":22}},"loc":{"start":{"line":42,"column":30},"end":{"line":52,"column":13}}}},"branchMap":{"0":{"loc":{"start":{"line":41,"column":11},"end":{"line":52,"column":null}},"type":"binary-expr","locations":[{"start":{"line":41,"column":11},"end":{"line":41,"column":null}},{"start":{"line":42,"column":12},"end":{"line":52,"column":null}}]},"1":{"loc":{"start":{"line":43,"column":14},"end":{"line":50,"column":null}},"type":"if","locations":[{"start":{"line":43,"column":14},"end":{"line":50,"column":null}},{"start":{},"end":{}}]},"2":{"loc":{"start":{"line":54,"column":27},"end":{"line":54,"column":60}},"type":"cond-expr","locations":[{"start":{"line":54,"column":41},"end":{"line":54,"column":56}},{"start":{"line":54,"column":56},"end":{"line":54,"column":60}}]}},"s":{"0":3,"1":3,"2":3,"3":3,"4":3,"5":3,"6":3,"7":3,"8":3,"9":3,"10":9,"11":9,"12":9,"13":0},"f":{"0":3,"1":3,"2":9},"b":{"0":[3,3],"1":[9,0],"2":[3,0]}}
,"/Users/joshtuddenham/Projects/atomize-pro/client/src/components/PreviewVideo.tsx": {"path":"/Users/joshtuddenham/Projects/atomize-pro/client/src/components/PreviewVideo.tsx","statementMap":{"0":{"start":{"line":6,"column":2},"end":{"line":6,"column":null}}},"fnMap":{"0":{"name":"PreviewVideo","decl":{"start":{"line":5,"column":24},"end":{"line":5,"column":37}},"loc":{"start":{"line":5,"column":67},"end":{"line":7,"column":null}}}},"branchMap":{},"s":{"0":2},"f":{"0":2},"b":{}}
,"/Users/joshtuddenham/Projects/atomize-pro/client/src/components/Tab.tsx": {"path":"/Users/joshtuddenham/Projects/atomize-pro/client/src/components/Tab.tsx","statementMap":{"0":{"start":{"line":13,"column":20},"end":{"line":13,"column":null}},"1":{"start":{"line":16,"column":37},"end":{"line":16,"column":null}},"2":{"start":{"line":17,"column":22},"end":{"line":17,"column":null}},"3":{"start":{"line":19,"column":24},"end":{"line":23,"column":null}},"4":{"start":{"line":20,"column":4},"end":{"line":23,"column":null}},"5":{"start":{"line":25,"column":28},"end":{"line":25,"column":null}},"6":{"start":{"line":28,"column":14},"end":{"line":28,"column":null}},"7":{"start":{"line":28,"column":33},"end":{"line":28,"column":78}},"8":{"start":{"line":31,"column":19},"end":{"line":31,"column":null}},"9":{"start":{"line":31,"column":48},"end":{"line":31,"column":67}},"10":{"start":{"line":34,"column":22},"end":{"line":42,"column":null}},"11":{"start":{"line":36,"column":4},"end":{"line":38,"column":null}},"12":{"start":{"line":37,"column":6},"end":{"line":37,"column":null}},"13":{"start":{"line":40,"column":4},"end":{"line":40,"column":null}},"14":{"start":{"line":41,"column":4},"end":{"line":41,"column":null}},"15":{"start":{"line":45,"column":19},"end":{"line":45,"column":null}},"16":{"start":{"line":46,"column":2},"end":{"line":48,"column":null}},"17":{"start":{"line":47,"column":4},"end":{"line":47,"column":null}},"18":{"start":{"line":50,"column":2},"end":{"line":68,"column":null}},"19":{"start":{"line":58,"column":16},"end":{"line":58,"column":null}}},"fnMap":{"0":{"name":"Tab","decl":{"start":{"line":12,"column":24},"end":{"line":12,"column":30}},"loc":{"start":{"line":12,"column":30},"end":{"line":70,"column":null}}},"1":{"name":"(anonymous_1)","decl":{"start":{"line":19,"column":24},"end":{"line":19,"column":25}},"loc":{"start":{"line":20,"column":4},"end":{"line":23,"column":null}}},"2":{"name":"(anonymous_2)","decl":{"start":{"line":28,"column":24},"end":{"line":28,"column":25}},"loc":{"start":{"line":28,"column":33},"end":{"line":28,"column":78}}},"3":{"name":"(anonymous_3)","decl":{"start":{"line":31,"column":38},"end":{"line":31,"column":39}},"loc":{"start":{"line":31,"column":48},"end":{"line":31,"column":67}}},"4":{"name":"(anonymous_4)","decl":{"start":{"line":34,"column":38},"end":{"line":34,"column":39}},"loc":{"start":{"line":34,"column":72},"end":{"line":42,"column":5}}},"5":{"name":"(anonymous_5)","decl":{"start":{"line":57,"column":28},"end":{"line":57,"column":29}},"loc":{"start":{"line":58,"column":16},"end":{"line":58,"column":null}}}},"branchMap":{"0":{"loc":{"start":{"line":20,"column":23},"end":{"line":20,"column":33}},"type":"binary-expr","locations":[{"start":{"line":20,"column":23},"end":{"line":20,"column":31}},{"start":{"line":20,"column":31},"end":{"line":20,"column":33}}]},"1":{"loc":{"start":{"line":31,"column":19},"end":{"line":31,"column":null}},"type":"cond-expr","locations":[{"start":{"line":31,"column":25},"end":{"line":31,"column":71}},{"start":{"line":31,"column":71},"end":{"line":31,"column":null}}]},"2":{"loc":{"start":{"line":36,"column":4},"end":{"line":38,"column":null}},"type":"if","locations":[{"start":{"line":36,"column":4},"end":{"line":38,"column":null}},{"start":{},"end":{}}]},"3":{"loc":{"start":{"line":46,"column":2},"end":{"line":48,"column":null}},"type":"if","locations":[{"start":{"line":46,"column":2},"end":{"line":48,"column":null}},{"start":{},"end":{}}]},"4":{"loc":{"start":{"line":52,"column":7},"end":{"line":66,"column":null}},"type":"binary-expr","locations":[{"start":{"line":52,"column":7},"end":{"line":52,"column":null}},{"start":{"line":53,"column":8},"end":{"line":66,"column":null}}]},"5":{"loc":{"start":{"line":55,"column":11},"end":{"line":64,"column":null}},"type":"cond-expr","locations":[{"start":{"line":56,"column":12},"end":{"line":60,"column":null}},{"start":{"line":62,"column":12},"end":{"line":64,"column":null}}]},"6":{"loc":{"start":{"line":55,"column":11},"end":{"line":55,"column":null}},"type":"binary-expr","locations":[{"start":{"line":55,"column":11},"end":{"line":55,"column":23}},{"start":{"line":55,"column":23},"end":{"line":55,"column":null}}]}},"s":{"0":3,"1":3,"2":3,"3":3,"4":8,"5":3,"6":3,"7":5,"8":3,"9":10,"10":3,"11":10,"12":2,"13":10,"14":10,"15":3,"16":3,"17":1,"18":2,"19":1},"f":{"0":3,"1":8,"2":5,"3":10,"4":10,"5":1},"b":{"0":[8,0],"1":[2,1],"2":[2,8],"3":[1,2],"4":[2,1],"5":[1,0],"6":[1,1]}}
[...]
,"/Users/joshtuddenham/Projects/atomize-pro/client/src/components/templates/Sets.tsx": {"path":"/Users/joshtuddenham/Projects/atomize-pro/client/src/components/templates/Sets.tsx","statementMap":{"0":{"start":{"line":12,"column":23},"end":{"line":12,"column":null}},"1":{"start":{"line":15,"column":44},"end":{"line":15,"column":null}},"2":{"start":{"line":18,"column":28},"end":{"line":40,"column":null}},"3":{"start":{"line":19,"column":4},"end":{"line":39,"column":null}},"4":{"start":{"line":20,"column":31},"end":{"line":20,"column":null}},"5":{"start":{"line":23,"column":6},"end":{"line":23,"column":null}},"6":{"start":{"line":26,"column":6},"end":{"line":32,"column":null}},"7":{"start":{"line":35,"column":6},"end":{"line":38,"column":null}},"8":{"start":{"line":42,"column":20},"end":{"line":42,"column":null}},"9":{"start":{"line":44,"column":2},"end":{"line":62,"column":null}},"10":{"start":{"line":50,"column":12},"end":{"line":58,"column":null}}},"fnMap":{"0":{"name":"Sets","decl":{"start":{"line":11,"column":24},"end":{"line":11,"column":29}},"loc":{"start":{"line":11,"column":50},"end":{"line":64,"column":null}}},"1":{"name":"(anonymous_1)","decl":{"start":{"line":18,"column":28},"end":{"line":18,"column":34}},"loc":{"start":{"line":18,"column":34},"end":{"line":40,"column":null}}},"2":{"name":"(anonymous_2)","decl":{"start":{"line":49,"column":49},"end":{"line":49,"column":50}},"loc":{"start":{"line":50,"column":12},"end":{"line":58,"column":null}}}},"branchMap":{"0":{"loc":{"start":{"line":15,"column":53},"end":{"line":15,"column":77}},"type":"binary-expr","locations":[{"start":{"line":15,"column":53},"end":{"line":15,"column":76}},{"start":{"line":15,"column":76},"end":{"line":15,"column":77}}]},"1":{"loc":{"start":{"line":19,"column":4},"end":{"line":39,"column":null}},"type":"if","locations":[{"start":{"line":19,"column":4},"end":{"line":39,"column":null}},{"start":{},"end":{}}]},"2":{"loc":{"start":{"line":19,"column":8},"end":{"line":19,"column":62}},"type":"binary-expr","locations":[{"start":{"line":19,"column":8},"end":{"line":19,"column":35}},{"start":{"line":19,"column":35},"end":{"line":19,"column":62}}]},"3":{"loc":{"start":{"line":42,"column":20},"end":{"line":42,"column":null}},"type":"binary-expr","locations":[{"start":{"line":42,"column":20},"end":{"line":42,"column":33}},{"start":{"line":42,"column":33},"end":{"line":42,"column":null}}]},"4":{"loc":{"start":{"line":53,"column":16},"end":{"line":53,"column":null}},"type":"cond-expr","locations":[{"start":{"line":53,"column":40},"end":{"line":53,"column":57}},{"start":{"line":53,"column":57},"end":{"line":53,"column":null}}]},"5":{"loc":{"start":{"line":57,"column":44},"end":{"line":57,"column":59}},"type":"binary-expr","locations":[{"start":{"line":57,"column":44},"end":{"line":57,"column":57}},{"start":{"line":57,"column":57},"end":{"line":57,"column":59}}]}},"s":{"0":6,"1":6,"2":6,"3":3,"4":2,"5":2,"6":2,"7":2,"8":6,"9":6,"10":18},"f":{"0":6,"1":3,"2":18},"b":{"0":[6,3],"1":[2,1],"2":[3,3],"3":[6,0],"4":[7,11],"5":[18,0]}}
,"/Users/joshtuddenham/Projects/atomize-pro/client/src/components/templates/SimpleGoal.tsx": {"path":"/Users/joshtuddenham/Projects/atomize-pro/client/src/components/templates/SimpleGoal.tsx","statementMap":{"0":{"start":{"line":12,"column":30},"end":{"line":12,"column":null}},"1":{"start":{"line":18,"column":15},"end":{"line":18,"column":null}},"2":{"start":{"line":18,"column":39},"end":{"line":18,"column":54}},"3":{"start":{"line":22,"column":23},"end":{"line":38,"column":null}},"4":{"start":{"line":23,"column":4},"end":{"line":37,"column":null}},"5":{"start":{"line":24,"column":6},"end":{"line":36,"column":null}},"6":{"start":{"line":26,"column":8},"end":{"line":29,"column":null}},"7":{"start":{"line":32,"column":8},"end":{"line":32,"column":null}},"8":{"start":{"line":33,"column":8},"end":{"line":33,"column":null}},"9":{"start":{"line":35,"column":8},"end":{"line":35,"column":null}},"10":{"start":{"line":41,"column":2},"end":{"line":43,"column":null}},"11":{"start":{"line":42,"column":4},"end":{"line":42,"column":null}},"12":{"start":{"line":46,"column":8},"end":{"line":55,"column":null}},"13":{"start":{"line":47,"column":4},"end":{"line":54,"column":null}},"14":{"start":{"line":49,"column":8},"end":{"line":49,"column":null}},"15":{"start":{"line":51,"column":8},"end":{"line":51,"column":null}},"16":{"start":{"line":53,"column":8},"end":{"line":53,"column":null}},"17":{"start":{"line":57,"column":2},"end":{"line":69,"column":null}}},"fnMap":{"0":{"name":"SimpleGoal","decl":{"start":{"line":11,"column":24},"end":{"line":11,"column":35}},"loc":{"start":{"line":11,"column":64},"end":{"line":71,"column":null}}},"1":{"name":"(anonymous_1)","decl":{"start":{"line":18,"column":32},"end":{"line":18,"column":33}},"loc":{"start":{"line":18,"column":39},"end":{"line":18,"column":54}}},"2":{"name":"(anonymous_2)","decl":{"start":{"line":22,"column":35},"end":{"line":22,"column":47}},"loc":{"start":{"line":22,"column":47},"end":{"line":38,"column":5}}},"3":{"name":"(anonymous_3)","decl":{"start":{"line":46,"column":21},"end":{"line":46,"column":27}},"loc":{"start":{"line":46,"column":27},"end":{"line":55,"column":5}}}},"branchMap":{"0":{"loc":{"start":{"line":23,"column":4},"end":{"line":37,"column":null}},"type":"if","locations":[{"start":{"line":23,"column":4},"end":{"line":37,"column":null}},{"start":{},"end":{}}]},"1":{"loc":{"start":{"line":23,"column":8},"end":{"line":23,"column":32}},"type":"binary-expr","locations":[{"start":{"line":23,"column":8},"end":{"line":23,"column":16}},{"start":{"line":23,"column":16},"end":{"line":23,"column":32}}]},"2":{"loc":{"start":{"line":41,"column":2},"end":{"line":43,"column":null}},"type":"if","locations":[{"start":{"line":41,"column":2},"end":{"line":43,"column":null}},{"start":{},"end":{}}]},"3":{"loc":{"start":{"line":47,"column":4},"end":{"line":54,"column":null}},"type":"switch","locations":[{"start":{"line":48,"column":6},"end":{"line":49,"column":null}},{"start":{"line":50,"column":6},"end":{"line":51,"column":null}},{"start":{"line":52,"column":6},"end":{"line":53,"column":null}}]},"4":{"loc":{"start":{"line":63,"column":14},"end":{"line":63,"column":null}},"type":"cond-expr","locations":[{"start":{"line":63,"column":30},"end":{"line":63,"column":41}},{"start":{"line":63,"column":41},"end":{"line":63,"column":null}}]}},"s":{"0":5,"1":5,"2":8,"3":5,"4":0,"5":0,"6":0,"7":0,"8":0,"9":0,"10":5,"11":0,"12":5,"13":5,"14":0,"15":5,"16":0,"17":5},"f":{"0":5,"1":8,"2":0,"3":5},"b":{"0":[0,0],"1":[0,0],"2":[0,5],"3":[0,5,0],"4":[0,5]}}
,"/Users/joshtuddenham/Projects/atomize-pro/client/src/components/ui/ColorPicker.tsx": {"path":"/Users/joshtuddenham/Projects/atomize-pro/client/src/components/ui/ColorPicker.tsx","statementMap":{"0":{"start":{"line":9,"column":21},"end":{"line":14,"column":null}},"1":{"start":{"line":17,"column":30},"end":{"line":17,"column":null}},"2":{"start":{"line":19,"column":21},"end":{"line":19,"column":null}},"3":{"start":{"line":19,"column":27},"end":{"line":19,"column":null}},"4":{"start":{"line":21,"column":28},"end":{"line":24,"column":null}},"5":{"start":{"line":22,"column":4},"end":{"line":22,"column":null}},"6":{"start":{"line":23,"column":4},"end":{"line":23,"column":null}},"7":{"start":{"line":26,"column":2},"end":{"line":48,"column":null}},"8":{"start":{"line":38,"column":12},"end":{"line":44,"column":null}},"9":{"start":{"line":42,"column":29},"end":{"line":42,"column":null}}},"fnMap":{"0":{"name":"ColorPicker","decl":{"start":{"line":16,"column":16},"end":{"line":16,"column":28}},"loc":{"start":{"line":16,"column":67},"end":{"line":50,"column":null}}},"1":{"name":"(anonymous_1)","decl":{"start":{"line":19,"column":21},"end":{"line":19,"column":27}},"loc":{"start":{"line":19,"column":27},"end":{"line":19,"column":null}}},"2":{"name":"(anonymous_2)","decl":{"start":{"line":21,"column":28},"end":{"line":21,"column":29}},"loc":{"start":{"line":21,"column":50},"end":{"line":24,"column":null}}},"3":{"name":"(anonymous_3)","decl":{"start":{"line":37,"column":28},"end":{"line":37,"column":29}},"loc":{"start":{"line":38,"column":12},"end":{"line":44,"column":null}}},"4":{"name":"(anonymous_4)","decl":{"start":{"line":42,"column":23},"end":{"line":42,"column":29}},"loc":{"start":{"line":42,"column":29},"end":{"line":42,"column":null}}}},"branchMap":{"0":{"loc":{"start":{"line":35,"column":7},"end":{"line":46,"column":null}},"type":"binary-expr","locations":[{"start":{"line":35,"column":7},"end":{"line":35,"column":null}},{"start":{"line":36,"column":8},"end":{"line":46,"column":null}}]}},"s":{"0":2,"1":12,"2":12,"3":2,"4":12,"5":1,"6":1,"7":12,"8":8,"9":1},"f":{"0":12,"1":2,"2":1,"3":8,"4":1},"b":{"0":[12,2]}}
,"/Users/joshtuddenham/Projects/atomize-pro/client/src/context/createListContext.tsx": {"path":"/Users/joshtuddenham/Projects/atomize-pro/client/src/context/createListContext.tsx","statementMap":{"0":{"start":{"line":5,"column":26},"end":{"line":5,"column":null}},"1":{"start":{"line":7,"column":30},"end":{"line":13,"column":null}},"2":{"start":{"line":8,"column":18},"end":{"line":8,"column":null}},"3":{"start":{"line":9,"column":2},"end":{"line":11,"column":null}},"4":{"start":{"line":10,"column":4},"end":{"line":10,"column":null}},"5":{"start":{"line":12,"column":2},"end":{"line":12,"column":null}},"6":{"start":{"line":20,"column":69},"end":{"line":29,"column":null}},"7":{"start":{"line":24,"column":2},"end":{"line":27,"column":null}}},"fnMap":{"0":{"name":"(anonymous_0)","decl":{"start":{"line":7,"column":30},"end":{"line":7,"column":36}},"loc":{"start":{"line":7,"column":36},"end":{"line":13,"column":null}}},"1":{"name":"(anonymous_1)","decl":{"start":{"line":20,"column":69},"end":{"line":20,"column":70}},"loc":{"start":{"line":23,"column":6},"end":{"line":29,"column":null}}}},"branchMap":{"0":{"loc":{"start":{"line":9,"column":2},"end":{"line":11,"column":null}},"type":"if","locations":[{"start":{"line":9,"column":2},"end":{"line":11,"column":null}},{"start":{},"end":{}}]}},"s":{"0":0,"1":0,"2":0,"3":0,"4":0,"5":0,"6":0,"7":0},"f":{"0":0,"1":0},"b":{"0":[0,0]}}
,"/Users/joshtuddenham/Projects/atomize-pro/client/src/store/reducer.ts": {"path":"/Users/joshtuddenham/Projects/atomize-pro/client/src/store/reducer.ts","statementMap":{"0":{"start":{"line":4,"column":35},"end":{"line":10,"column":null}},"1":{"start":{"line":18,"column":2},"end":{"line":87,"column":null}},"2":{"start":{"line":20,"column":6},"end":{"line":23,"column":null}},"3":{"start":{"line":25,"column":6},"end":{"line":28,"column":null}},"4":{"start":{"line":30,"column":6},"end":{"line":33,"column":null}},"5":{"start":{"line":35,"column":6},"end":{"line":38,"column":null}},"6":{"start":{"line":40,"column":49},"end":{"line":42,"column":null}},"7":{"start":{"line":44,"column":6},"end":{"line":48,"column":null}},"8":{"start":{"line":50,"column":6},"end":{"line":54,"column":null}},"9":{"start":{"line":51,"column":8},"end":{"line":53,"column":null}},"10":{"start":{"line":55,"column":6},"end":{"line":58,"column":null}},"11":{"start":{"line":60,"column":29},"end":{"line":62,"column":null}},"12":{"start":{"line":61,"column":18},"end":{"line":61,"column":null}},"13":{"start":{"line":63,"column":6},"end":{"line":66,"column":null}},"14":{"start":{"line":68,"column":6},"end":{"line":70,"column":null}},"15":{"start":{"line":69,"column":18},"end":{"line":69,"column":null}},"16":{"start":{"line":71,"column":6},"end":{"line":74,"column":null}},"17":{"start":{"line":76,"column":6},"end":{"line":79,"column":null}},"18":{"start":{"line":78,"column":41},"end":{"line":78,"column":69}},"19":{"start":{"line":81,"column":6},"end":{"line":84,"column":null}},"20":{"start":{"line":86,"column":6},"end":{"line":86,"column":null}}},"fnMap":{"0":{"name":"reducer","decl":{"start":{"line":12,"column":16},"end":{"line":12,"column":null}},"loc":{"start":{"line":15,"column":2},"end":{"line":88,"column":null}}},"1":{"name":"(anonymous_1)","decl":{"start":{"line":50,"column":37},"end":{"line":50,"column":38}},"loc":{"start":{"line":51,"column":8},"end":{"line":53,"column":null}}},"2":{"name":"(anonymous_2)","decl":{"start":{"line":61,"column":8},"end":{"line":61,"column":9}},"loc":{"start":{"line":61,"column":18},"end":{"line":61,"column":null}}},"3":{"name":"(anonymous_3)","decl":{"start":{"line":69,"column":8},"end":{"line":69,"column":9}},"loc":{"start":{"line":69,"column":18},"end":{"line":69,"column":null}}},"4":{"name":"(anonymous_4)","decl":{"start":{"line":78,"column":32},"end":{"line":78,"column":33}},"loc":{"start":{"line":78,"column":41},"end":{"line":78,"column":69}}}},"branchMap":{"0":{"loc":{"start":{"line":13,"column":2},"end":{"line":13,"column":null}},"type":"default-arg","locations":[{"start":{"line":13,"column":31},"end":{"line":13,"column":null}}]},"1":{"loc":{"start":{"line":18,"column":2},"end":{"line":87,"column":null}},"type":"switch","locations":[{"start":{"line":19,"column":4},"end":{"line":23,"column":null}},{"start":{"line":24,"column":4},"end":{"line":28,"column":null}},{"start":{"line":29,"column":4},"end":{"line":33,"column":null}},{"start":{"line":34,"column":4},"end":{"line":38,"column":null}},{"start":{"line":39,"column":4},"end":{"line":48,"column":null}},{"start":{"line":49,"column":4},"end":{"line":58,"column":null}},{"start":{"line":59,"column":4},"end":{"line":66,"column":null}},{"start":{"line":67,"column":4},"end":{"line":74,"column":null}},{"start":{"line":75,"column":4},"end":{"line":79,"column":null}},{"start":{"line":80,"column":4},"end":{"line":84,"column":null}},{"start":{"line":85,"column":4},"end":{"line":86,"column":null}}]},"2":{"loc":{"start":{"line":51,"column":8},"end":{"line":53,"column":null}},"type":"cond-expr","locations":[{"start":{"line":52,"column":12},"end":{"line":52,"column":null}},{"start":{"line":53,"column":12},"end":{"line":53,"column":null}}]}},"s":{"0":1,"1":11,"2":1,"3":1,"4":1,"5":1,"6":1,"7":1,"8":1,"9":2,"10":1,"11":1,"12":2,"13":1,"14":1,"15":3,"16":1,"17":1,"18":2,"19":1,"20":1},"f":{"0":11,"1":2,"2":2,"3":3,"4":2},"b":{"0":[1],"1":[1,1,1,1,1,1,1,1,1,1,1],"2":[1,1]}}
,"/Users/joshtuddenham/Projects/atomize-pro/client/src/utils/calcXP.ts": {"path":"/Users/joshtuddenham/Projects/atomize-pro/client/src/utils/calcXP.ts","statementMap":{"0":{"start":{"line":4,"column":23},"end":{"line":4,"column":null}},"1":{"start":{"line":5,"column":23},"end":{"line":5,"column":null}},"2":{"start":{"line":7,"column":2},"end":{"line":42,"column":null}},"3":{"start":{"line":8,"column":4},"end":{"line":10,"column":null}},"4":{"start":{"line":9,"column":6},"end":{"line":9,"column":null}},"5":{"start":{"line":11,"column":4},"end":{"line":13,"column":null}},"6":{"start":{"line":12,"column":6},"end":{"line":12,"column":null}},"7":{"start":{"line":14,"column":4},"end":{"line":16,"column":null}},"8":{"start":{"line":15,"column":6},"end":{"line":15,"column":null}},"9":{"start":{"line":17,"column":4},"end":{"line":19,"column":null}},"10":{"start":{"line":18,"column":6},"end":{"line":18,"column":null}},"11":{"start":{"line":22,"column":4},"end":{"line":24,"column":null}},"12":{"start":{"line":23,"column":6},"end":{"line":23,"column":null}},"13":{"start":{"line":25,"column":4},"end":{"line":27,"column":null}},"14":{"start":{"line":26,"column":6},"end":{"line":26,"column":null}},"15":{"start":{"line":28,"column":4},"end":{"line":30,"column":null}},"16":{"start":{"line":29,"column":6},"end":{"line":29,"column":null}},"17":{"start":{"line":31,"column":4},"end":{"line":41,"column":null}},"18":{"start":{"line":37,"column":8},"end":{"line":39,"column":null}},"19":{"start":{"line":40,"column":6},"end":{"line":40,"column":null}},"20":{"start":{"line":44,"column":2},"end":{"line":47,"column":null}}},"fnMap":{"0":{"name":"calculateGoalXP","decl":{"start":{"line":3,"column":16},"end":{"line":3,"column":32}},"loc":{"start":{"line":3,"column":47},"end":{"line":48,"column":null}}},"1":{"name":"(anonymous_1)","decl":{"start":{"line":7,"column":16},"end":{"line":7,"column":17}},"loc":{"start":{"line":7,"column":26},"end":{"line":42,"column":3}}}},"branchMap":{"0":{"loc":{"start":{"line":8,"column":4},"end":{"line":10,"column":null}},"type":"if","locations":[{"start":{"line":8,"column":4},"end":{"line":10,"column":null}},{"start":{},"end":{}}]},"1":{"loc":{"start":{"line":11,"column":4},"end":{"line":13,"column":null}},"type":"if","locations":[{"start":{"line":11,"column":4},"end":{"line":13,"column":null}},{"start":{},"end":{}}]},"2":{"loc":{"start":{"line":11,"column":8},"end":{"line":11,"column":60}},"type":"binary-expr","locations":[{"start":{"line":11,"column":8},"end":{"line":11,"column":34}},{"start":{"line":11,"column":34},"end":{"line":11,"column":60}}]},"3":{"loc":{"start":{"line":14,"column":4},"end":{"line":16,"column":null}},"type":"if","locations":[{"start":{"line":14,"column":4},"end":{"line":16,"column":null}},{"start":{},"end":{}}]},"4":{"loc":{"start":{"line":14,"column":8},"end":{"line":14,"column":57}},"type":"binary-expr","locations":[{"start":{"line":14,"column":8},"end":{"line":14,"column":32}},{"start":{"line":14,"column":32},"end":{"line":14,"column":57}}]},"5":{"loc":{"start":{"line":17,"column":4},"end":{"line":19,"column":null}},"type":"if","locations":[{"start":{"line":17,"column":4},"end":{"line":19,"column":null}},{"start":{},"end":{}}]},"6":{"loc":{"start":{"line":22,"column":4},"end":{"line":24,"column":null}},"type":"if","locations":[{"start":{"line":22,"column":4},"end":{"line":24,"column":null}},{"start":{},"end":{}}]},"7":{"loc":{"start":{"line":22,"column":8},"end":{"line":22,"column":54}},"type":"binary-expr","locations":[{"start":{"line":22,"column":8},"end":{"line":22,"column":39}},{"start":{"line":22,"column":39},"end":{"line":22,"column":54}}]},"8":{"loc":{"start":{"line":25,"column":4},"end":{"line":27,"column":null}},"type":"if","locations":[{"start":{"line":25,"column":4},"end":{"line":27,"column":null}},{"start":{},"end":{}}]},"9":{"loc":{"start":{"line":25,"column":8},"end":{"line":25,"column":67}},"type":"binary-expr","locations":[{"start":{"line":25,"column":8},"end":{"line":25,"column":32}},{"start":{"line":25,"column":32},"end":{"line":25,"column":67}}]},"10":{"loc":{"start":{"line":28,"column":4},"end":{"line":30,"column":null}},"type":"if","locations":[{"start":{"line":28,"column":4},"end":{"line":30,"column":null}},{"start":{},"end":{}}]},"11":{"loc":{"start":{"line":28,"column":8},"end":{"line":28,"column":60}},"type":"binary-expr","locations":[{"start":{"line":28,"column":8},"end":{"line":28,"column":34}},{"start":{"line":28,"column":34},"end":{"line":28,"column":60}}]},"12":{"loc":{"start":{"line":31,"column":4},"end":{"line":41,"column":null}},"type":"if","locations":[{"start":{"line":31,"column":4},"end":{"line":41,"column":null}},{"start":{},"end":{}}]},"13":{"loc":{"start":{"line":32,"column":6},"end":{"line":34,"column":null}},"type":"binary-expr","locations":[{"start":{"line":32,"column":6},"end":{"line":32,"column":null}},{"start":{"line":33,"column":6},"end":{"line":33,"column":null}},{"start":{"line":34,"column":6},"end":{"line":34,"column":null}}]},"14":{"loc":{"start":{"line":37,"column":8},"end":{"line":39,"column":null}},"type":"cond-expr","locations":[{"start":{"line":38,"column":12},"end":{"line":38,"column":null}},{"start":{"line":39,"column":12},"end":{"line":39,"column":null}}]}},"s":{"0":0,"1":0,"2":0,"3":0,"4":0,"5":0,"6":0,"7":0,"8":0,"9":0,"10":0,"11":0,"12":0,"13":0,"14":0,"15":0,"16":0,"17":0,"18":0,"19":0,"20":0},"f":{"0":0,"1":0},"b":{"0":[0,0],"1":[0,0],"2":[0,0],"3":[0,0],"4":[0,0],"5":[0,0],"6":[0,0],"7":[0,0],"8":[0,0],"9":[0,0],"10":[0,0],"11":[0,0],"12":[0,0],"13":[0,0,0],"14":[0,0]}}
}
